[ 2020-01-29T15:22:33+08:00 ] 127.0.0.1 /index.php?m=Admin&c=Index&a=index
INFO: [ app_init ] --START--
INFO: Run Behavior\BuildLiteBehavior [ RunTime:0.000589s ]
INFO: [ app_init ] --END-- [ RunTime:0.004624s ]
INFO: [ app_begin ] --START--
INFO: Run Behavior\ReadHtmlCacheBehavior [ RunTime:0.002397s ]
INFO: [ app_begin ] --END-- [ RunTime:0.004152s ]
INFO: [ view_parse ] --START--
INFO: [ template_filter ] --START--
INFO: Run Behavior\ContentReplaceBehavior [ RunTime:0.001592s ]
INFO: [ template_filter ] --END-- [ RunTime:0.003427s ]
INFO: Run Behavior\ParseTemplateBehavior [ RunTime:0.043785s ]
INFO: [ view_parse ] --END-- [ RunTime:0.045129s ]
INFO: [ view_filter ] --START--
INFO: Run Behavior\WriteHtmlCacheBehavior [ RunTime:0.002382s ]
INFO: [ view_filter ] --END-- [ RunTime:0.003943s ]
INFO: [ app_end ] --START--
INFO: Run Behavior\ShowPageTraceBehavior [ RunTime:0.002865s ]
INFO: [ app_end ] --END-- [ RunTime:0.004165s ]

[ 2020-01-29T15:22:54+08:00 ] 127.0.0.1 /index.php/Admin/Index/index
INFO: [ app_init ] --START--
INFO: Run Behavior\BuildLiteBehavior [ RunTime:0.000382s ]
INFO: [ app_init ] --END-- [ RunTime:0.003386s ]
INFO: [ app_begin ] --START--
INFO: Run Behavior\ReadHtmlCacheBehavior [ RunTime:0.003480s ]
INFO: [ app_begin ] --END-- [ RunTime:0.007685s ]
INFO: [ view_parse ] --START--
INFO: Run Behavior\ParseTemplateBehavior [ RunTime:0.004099s ]
INFO: [ view_parse ] --END-- [ RunTime:0.006531s ]
INFO: [ view_filter ] --START--
INFO: Run Behavior\WriteHtmlCacheBehavior [ RunTime:0.002541s ]
INFO: [ view_filter ] --END-- [ RunTime:0.003762s ]
INFO: [ app_end ] --START--
INFO: Run Behavior\ShowPageTraceBehavior [ RunTime:0.002436s ]
INFO: [ app_end ] --END-- [ RunTime:0.003915s ]

[ 2020-01-29T15:23:17+08:00 ] 127.0.0.1 /index.php?s=/Admin/Index/index
INFO: [ app_init ] --START--
INFO: Run Behavior\BuildLiteBehavior [ RunTime:0.000403s ]
INFO: [ app_init ] --END-- [ RunTime:0.005320s ]
INFO: [ app_begin ] --START--
INFO: Run Behavior\ReadHtmlCacheBehavior [ RunTime:0.003470s ]
INFO: [ app_begin ] --END-- [ RunTime:0.005392s ]
INFO: [ view_parse ] --START--
INFO: Run Behavior\ParseTemplateBehavior [ RunTime:0.003233s ]
INFO: [ view_parse ] --END-- [ RunTime:0.005399s ]
INFO: [ view_filter ] --START--
INFO: Run Behavior\WriteHtmlCacheBehavior [ RunTime:0.002779s ]
INFO: [ view_filter ] --END-- [ RunTime:0.006066s ]
INFO: [ app_end ] --START--
INFO: Run Behavior\ShowPageTraceBehavior [ RunTime:0.001895s ]
INFO: [ app_end ] --END-- [ RunTime:0.003282s ]

[ 2020-01-29T15:27:48+08:00 ] 127.0.0.1 /index.php?s=/Admin/Index/index
INFO: [ app_init ] --START--
INFO: Run Behavior\BuildLiteBehavior [ RunTime:0.000260s ]
INFO: [ app_init ] --END-- [ RunTime:0.002720s ]
INFO: [ app_begin ] --START--
INFO: Run Behavior\ReadHtmlCacheBehavior [ RunTime:0.002714s ]
INFO: [ app_begin ] --END-- [ RunTime:0.004030s ]
INFO: [ view_parse ] --START--
INFO: Run Behavior\ParseTemplateBehavior [ RunTime:0.002616s ]
INFO: [ view_parse ] --END-- [ RunTime:0.004144s ]
INFO: [ view_filter ] --START--
INFO: Run Behavior\WriteHtmlCacheBehavior [ RunTime:0.003553s ]
INFO: [ view_filter ] --END-- [ RunTime:0.005408s ]
INFO: [ app_end ] --START--
INFO: Run Behavior\ShowPageTraceBehavior [ RunTime:0.002439s ]
INFO: [ app_end ] --END-- [ RunTime:0.003770s ]

[ 2020-01-29T15:40:09+08:00 ] 127.0.0.1 /Admin/Index/index
INFO: [ app_init ] --START--
INFO: Run Behavior\BuildLiteBehavior [ RunTime:0.000395s ]
INFO: [ app_init ] --END-- [ RunTime:0.005164s ]
INFO: [ app_begin ] --START--
INFO: Run Behavior\ReadHtmlCacheBehavior [ RunTime:0.003632s ]
INFO: [ app_begin ] --END-- [ RunTime:0.006504s ]
INFO: [ app_end ] --START--
INFO: Run Behavior\ShowPageTraceBehavior [ RunTime:0.004495s ]
INFO: [ app_end ] --END-- [ RunTime:0.006118s ]

[ 2020-01-29T15:56:32+08:00 ] 127.0.0.1 /Admin/Index/index
INFO: [ app_init ] --START--
INFO: Run Behavior\BuildLiteBehavior [ RunTime:0.000498s ]
INFO: [ app_init ] --END-- [ RunTime:0.005352s ]
INFO: [ app_begin ] --START--
INFO: Run Behavior\ReadHtmlCacheBehavior [ RunTime:0.003339s ]
INFO: [ app_begin ] --END-- [ RunTime:0.005257s ]
INFO: [ app_end ] --START--
INFO: Run Behavior\ShowPageTraceBehavior [ RunTime:0.002362s ]
INFO: [ app_end ] --END-- [ RunTime:0.004205s ]

[ 2020-01-29T15:59:52+08:00 ] 127.0.0.1 /
INFO: [ app_init ] --START--
INFO: Run Behavior\BuildLiteBehavior [ RunTime:0.000259s ]
INFO: [ app_init ] --END-- [ RunTime:0.002606s ]
INFO: [ app_begin ] --START--
INFO: Run Behavior\ReadHtmlCacheBehavior [ RunTime:0.003802s ]
INFO: [ app_begin ] --END-- [ RunTime:0.006292s ]
INFO: [ app_end ] --START--
INFO: Run Behavior\ShowPageTraceBehavior [ RunTime:0.004323s ]
INFO: [ app_end ] --END-- [ RunTime:0.006486s ]

[ 2020-01-29T16:00:06+08:00 ] 127.0.0.1 /
INFO: [ app_init ] --START--
INFO: Run Behavior\BuildLiteBehavior [ RunTime:0.000233s ]
INFO: [ app_init ] --END-- [ RunTime:0.002413s ]
INFO: [ app_begin ] --START--
INFO: Run Behavior\ReadHtmlCacheBehavior [ RunTime:0.002862s ]
INFO: [ app_begin ] --END-- [ RunTime:0.004765s ]
INFO: [ app_end ] --START--
INFO: Run Behavior\ShowPageTraceBehavior [ RunTime:0.005097s ]
INFO: [ app_end ] --END-- [ RunTime:0.007249s ]

[ 2020-01-29T16:00:07+08:00 ] 127.0.0.1 /
INFO: [ app_init ] --START--
INFO: Run Behavior\BuildLiteBehavior [ RunTime:0.000656s ]
INFO: [ app_init ] --END-- [ RunTime:0.005877s ]
INFO: [ app_begin ] --START--
INFO: Run Behavior\ReadHtmlCacheBehavior [ RunTime:0.002834s ]
INFO: [ app_begin ] --END-- [ RunTime:0.004562s ]
INFO: [ app_end ] --START--
INFO: Run Behavior\ShowPageTraceBehavior [ RunTime:0.002318s ]
INFO: [ app_end ] --END-- [ RunTime:0.003687s ]

[ 2020-01-29T16:00:47+08:00 ] 127.0.0.1 /
INFO: [ app_init ] --START--
INFO: Run Behavior\BuildLiteBehavior [ RunTime:0.000235s ]
INFO: [ app_init ] --END-- [ RunTime:0.002273s ]
INFO: [ app_begin ] --START--
INFO: Run Behavior\ReadHtmlCacheBehavior [ RunTime:0.002319s ]
INFO: [ app_begin ] --END-- [ RunTime:0.003562s ]
INFO: [ app_end ] --START--
INFO: Run Behavior\ShowPageTraceBehavior [ RunTime:0.003238s ]
INFO: [ app_end ] --END-- [ RunTime:0.004780s ]

[ 2020-01-29T16:01:33+08:00 ] 127.0.0.1 /testUrl
INFO: [ app_init ] --START--
INFO: Run Behavior\BuildLiteBehavior [ RunTime:0.000297s ]
INFO: [ app_init ] --END-- [ RunTime:0.004366s ]
INFO: [ app_begin ] --START--
INFO: Run Behavior\ReadHtmlCacheBehavior [ RunTime:0.002952s ]
INFO: [ app_begin ] --END-- [ RunTime:0.006546s ]
ERR: 无法加载控制器:TestUrl

[ 2020-01-29T16:01:59+08:00 ] 127.0.0.1 /Index/testUrl
INFO: [ app_init ] --START--
INFO: Run Behavior\BuildLiteBehavior [ RunTime:0.000412s ]
INFO: [ app_init ] --END-- [ RunTime:0.004411s ]
INFO: [ app_begin ] --START--
INFO: Run Behavior\ReadHtmlCacheBehavior [ RunTime:0.005347s ]
INFO: [ app_begin ] --END-- [ RunTime:0.006617s ]
INFO: [ app_end ] --START--
INFO: Run Behavior\ShowPageTraceBehavior [ RunTime:0.007105s ]
INFO: [ app_end ] --END-- [ RunTime:0.009882s ]

[ 2020-01-29T16:06:10+08:00 ] 127.0.0.1 /Index/testUrl
INFO: [ app_init ] --START--
INFO: Run Behavior\BuildLiteBehavior [ RunTime:0.000271s ]
INFO: [ app_init ] --END-- [ RunTime:0.003396s ]
INFO: [ app_begin ] --START--
INFO: Run Behavior\ReadHtmlCacheBehavior [ RunTime:0.002211s ]
INFO: [ app_begin ] --END-- [ RunTime:0.003826s ]
INFO: [ app_end ] --START--
INFO: Run Behavior\ShowPageTraceBehavior [ RunTime:0.002473s ]
INFO: [ app_end ] --END-- [ RunTime:0.003886s ]

[ 2020-01-29T16:06:15+08:00 ] 127.0.0.1 /
INFO: [ app_init ] --START--
INFO: Run Behavior\BuildLiteBehavior [ RunTime:0.000254s ]
INFO: [ app_init ] --END-- [ RunTime:0.002247s ]
INFO: [ app_begin ] --START--
INFO: Run Behavior\ReadHtmlCacheBehavior [ RunTime:0.001871s ]
INFO: [ app_begin ] --END-- [ RunTime:0.003156s ]
ERR: 模板不存在:../Application/Admin/View/Index/index.html
NOTIC: [2] Cannot modify header information - headers already sent by (output started at C:\Myeven\Apache24\htdocs\jxshop\ThinkPHP\Common\functions.php:102) C:\Myeven\Apache24\htdocs\jxshop\ThinkPHP\Library\Think\Think.class.php 第 229 行.
NOTIC: [2] Cannot modify header information - headers already sent by (output started at C:\Myeven\Apache24\htdocs\jxshop\ThinkPHP\Common\functions.php:102) C:\Myeven\Apache24\htdocs\jxshop\ThinkPHP\Library\Think\Think.class.php 第 230 行.

[ 2020-01-29T16:07:38+08:00 ] 127.0.0.1 /
INFO: [ app_init ] --START--
INFO: Run Behavior\BuildLiteBehavior [ RunTime:0.000267s ]
INFO: [ app_init ] --END-- [ RunTime:0.002998s ]
INFO: [ app_begin ] --START--
INFO: Run Behavior\ReadHtmlCacheBehavior [ RunTime:0.002215s ]
INFO: [ app_begin ] --END-- [ RunTime:0.003442s ]
INFO: [ view_parse ] --START--
INFO: [ template_filter ] --START--
INFO: Run Behavior\ContentReplaceBehavior [ RunTime:0.001113s ]
INFO: [ template_filter ] --END-- [ RunTime:0.003741s ]
INFO: Run Behavior\ParseTemplateBehavior [ RunTime:0.039211s ]
INFO: [ view_parse ] --END-- [ RunTime:0.042084s ]
INFO: [ view_filter ] --START--
INFO: Run Behavior\WriteHtmlCacheBehavior [ RunTime:0.002125s ]
INFO: [ view_filter ] --END-- [ RunTime:0.003584s ]
INFO: [ app_end ] --START--
INFO: Run Behavior\ShowPageTraceBehavior [ RunTime:0.002322s ]
INFO: [ app_end ] --END-- [ RunTime:0.003475s ]

[ 2020-01-29T16:07:39+08:00 ] 127.0.0.1 /top.html
INFO: [ app_init ] --START--
INFO: Run Behavior\BuildLiteBehavior [ RunTime:0.000480s ]
INFO: [ app_init ] --END-- [ RunTime:0.004869s ]
INFO: [ app_begin ] --START--
INFO: Run Behavior\ReadHtmlCacheBehavior [ RunTime:0.003279s ]
INFO: [ app_begin ] --END-- [ RunTime:0.008449s ]
ERR: 无法加载控制器:Top

[ 2020-01-29T16:07:39+08:00 ] 127.0.0.1 /menu.html
INFO: [ app_init ] --START--
INFO: Run Behavior\BuildLiteBehavior [ RunTime:0.000475s ]
INFO: [ app_init ] --END-- [ RunTime:0.004952s ]
INFO: [ app_begin ] --START--
INFO: Run Behavior\ReadHtmlCacheBehavior [ RunTime:0.002838s ]
INFO: [ app_begin ] --END-- [ RunTime:0.007088s ]
ERR: 无法加载控制器:Menu

[ 2020-01-29T16:07:39+08:00 ] 127.0.0.1 /main.html
INFO: [ app_init ] --START--
INFO: Run Behavior\BuildLiteBehavior [ RunTime:0.001763s ]
INFO: [ app_init ] --END-- [ RunTime:0.017375s ]
INFO: [ app_begin ] --START--
INFO: Run Behavior\ReadHtmlCacheBehavior [ RunTime:0.004240s ]
INFO: [ app_begin ] --END-- [ RunTime:0.006658s ]
ERR: 无法加载控制器:Main

[ 2020-01-29T16:09:19+08:00 ] 127.0.0.1 /
INFO: [ app_init ] --START--
INFO: Run Behavior\BuildLiteBehavior [ RunTime:0.000467s ]
INFO: [ app_init ] --END-- [ RunTime:0.004652s ]
INFO: [ app_begin ] --START--
INFO: Run Behavior\ReadHtmlCacheBehavior [ RunTime:0.003426s ]
INFO: [ app_begin ] --END-- [ RunTime:0.005889s ]
INFO: [ view_parse ] --START--
INFO: [ template_filter ] --START--
INFO: Run Behavior\ContentReplaceBehavior [ RunTime:0.000591s ]
INFO: [ template_filter ] --END-- [ RunTime:0.001891s ]
INFO: Run Behavior\ParseTemplateBehavior [ RunTime:0.033765s ]
INFO: [ view_parse ] --END-- [ RunTime:0.035948s ]
INFO: [ view_filter ] --START--
INFO: Run Behavior\WriteHtmlCacheBehavior [ RunTime:0.005900s ]
INFO: [ view_filter ] --END-- [ RunTime:0.007773s ]
INFO: [ app_end ] --START--
INFO: Run Behavior\ShowPageTraceBehavior [ RunTime:0.002502s ]
INFO: [ app_end ] --END-- [ RunTime:0.003762s ]

[ 2020-01-29T16:09:19+08:00 ] 127.0.0.1 /main.html
INFO: [ app_init ] --START--
INFO: Run Behavior\BuildLiteBehavior [ RunTime:0.000758s ]
INFO: [ app_init ] --END-- [ RunTime:0.005576s ]
INFO: [ app_begin ] --START--
INFO: Run Behavior\ReadHtmlCacheBehavior [ RunTime:0.007351s ]
INFO: [ app_begin ] --END-- [ RunTime:0.010655s ]
ERR: 无法加载控制器:Main

[ 2020-01-29T16:09:19+08:00 ] 127.0.0.1 /top.html
INFO: [ app_init ] --START--
INFO: Run Behavior\BuildLiteBehavior [ RunTime:0.000498s ]
INFO: [ app_init ] --END-- [ RunTime:0.003537s ]
INFO: [ app_begin ] --START--
INFO: Run Behavior\ReadHtmlCacheBehavior [ RunTime:0.003481s ]
INFO: [ app_begin ] --END-- [ RunTime:0.006514s ]
ERR: 无法加载控制器:Top

[ 2020-01-29T16:09:19+08:00 ] 127.0.0.1 /menu.html
INFO: [ app_init ] --START--
INFO: Run Behavior\BuildLiteBehavior [ RunTime:0.000298s ]
INFO: [ app_init ] --END-- [ RunTime:0.003680s ]
INFO: [ app_begin ] --START--
INFO: Run Behavior\ReadHtmlCacheBehavior [ RunTime:0.009341s ]
INFO: [ app_begin ] --END-- [ RunTime:0.012221s ]
ERR: 无法加载控制器:Menu

[ 2020-01-29T16:13:46+08:00 ] 127.0.0.1 /
INFO: [ app_init ] --START--
INFO: Run Behavior\BuildLiteBehavior [ RunTime:0.000374s ]
INFO: [ app_init ] --END-- [ RunTime:0.003585s ]
INFO: [ app_begin ] --START--
INFO: Run Behavior\ReadHtmlCacheBehavior [ RunTime:0.002871s ]
INFO: [ app_begin ] --END-- [ RunTime:0.004391s ]
INFO: [ view_parse ] --START--
INFO: [ template_filter ] --START--
INFO: Run Behavior\ContentReplaceBehavior [ RunTime:0.000710s ]
INFO: [ template_filter ] --END-- [ RunTime:0.001977s ]
INFO: Run Behavior\ParseTemplateBehavior [ RunTime:0.040144s ]
INFO: [ view_parse ] --END-- [ RunTime:0.041479s ]
INFO: [ view_filter ] --START--
INFO: Run Behavior\WriteHtmlCacheBehavior [ RunTime:0.003899s ]
INFO: [ view_filter ] --END-- [ RunTime:0.005351s ]
INFO: [ app_end ] --START--
INFO: Run Behavior\ShowPageTraceBehavior [ RunTime:0.002924s ]
INFO: [ app_end ] --END-- [ RunTime:0.004272s ]

[ 2020-01-29T16:13:46+08:00 ] 127.0.0.1 /menu.html
INFO: [ app_init ] --START--
INFO: Run Behavior\BuildLiteBehavior [ RunTime:0.000963s ]
INFO: [ app_init ] --END-- [ RunTime:0.012395s ]
INFO: [ app_begin ] --START--
INFO: Run Behavior\ReadHtmlCacheBehavior [ RunTime:0.004730s ]
INFO: [ app_begin ] --END-- [ RunTime:0.006982s ]
ERR: 无法加载控制器:Menu

[ 2020-01-29T16:13:46+08:00 ] 127.0.0.1 /main.html
INFO: [ app_init ] --START--
INFO: Run Behavior\BuildLiteBehavior [ RunTime:0.000462s ]
INFO: [ app_init ] --END-- [ RunTime:0.008457s ]
INFO: [ app_begin ] --START--
INFO: Run Behavior\ReadHtmlCacheBehavior [ RunTime:0.006037s ]
INFO: [ app_begin ] --END-- [ RunTime:0.009369s ]
ERR: 无法加载控制器:Main

[ 2020-01-29T16:13:46+08:00 ] 127.0.0.1 /top.html
INFO: [ app_init ] --START--
INFO: Run Behavior\BuildLiteBehavior [ RunTime:0.000456s ]
INFO: [ app_init ] --END-- [ RunTime:0.003985s ]
INFO: [ app_begin ] --START--
INFO: Run Behavior\ReadHtmlCacheBehavior [ RunTime:0.006211s ]
INFO: [ app_begin ] --END-- [ RunTime:0.011658s ]
ERR: 无法加载控制器:Top

[ 2020-01-29T16:14:13+08:00 ] 127.0.0.1 /favicon.ico
INFO: [ app_init ] --START--
INFO: Run Behavior\BuildLiteBehavior [ RunTime:0.000485s ]
INFO: [ app_init ] --END-- [ RunTime:0.003993s ]

[ 2020-01-29T16:14:19+08:00 ] 127.0.0.1 /Admin/Index/indx
INFO: [ app_init ] --START--
INFO: Run Behavior\BuildLiteBehavior [ RunTime:0.000334s ]
INFO: [ app_init ] --END-- [ RunTime:0.002803s ]
INFO: [ app_begin ] --START--
INFO: Run Behavior\ReadHtmlCacheBehavior [ RunTime:0.003470s ]
INFO: [ app_begin ] --END-- [ RunTime:0.005165s ]
ERR: 非法操作:indx
NOTIC: [2] Cannot modify header information - headers already sent by (output started at C:\Myeven\Apache24\htdocs\jxshop\ThinkPHP\Common\functions.php:102) C:\Myeven\Apache24\htdocs\jxshop\ThinkPHP\Library\Think\Think.class.php 第 229 行.
NOTIC: [2] Cannot modify header information - headers already sent by (output started at C:\Myeven\Apache24\htdocs\jxshop\ThinkPHP\Common\functions.php:102) C:\Myeven\Apache24\htdocs\jxshop\ThinkPHP\Library\Think\Think.class.php 第 230 行.

[ 2020-01-29T16:14:27+08:00 ] 127.0.0.1 /Admin/Index/index
INFO: [ app_init ] --START--
INFO: Run Behavior\BuildLiteBehavior [ RunTime:0.000610s ]
INFO: [ app_init ] --END-- [ RunTime:0.005851s ]
INFO: [ app_begin ] --START--
INFO: Run Behavior\ReadHtmlCacheBehavior [ RunTime:0.002788s ]
INFO: [ app_begin ] --END-- [ RunTime:0.004431s ]
INFO: [ view_parse ] --START--
INFO: [ template_filter ] --START--
INFO: Run Behavior\ContentReplaceBehavior [ RunTime:0.001292s ]
INFO: [ template_filter ] --END-- [ RunTime:0.002794s ]
INFO: Run Behavior\ParseTemplateBehavior [ RunTime:0.034531s ]
INFO: [ view_parse ] --END-- [ RunTime:0.036948s ]
INFO: [ view_filter ] --START--
INFO: Run Behavior\WriteHtmlCacheBehavior [ RunTime:0.002576s ]
INFO: [ view_filter ] --END-- [ RunTime:0.003981s ]
INFO: [ app_end ] --START--
INFO: Run Behavior\ShowPageTraceBehavior [ RunTime:0.003025s ]
INFO: [ app_end ] --END-- [ RunTime:0.004749s ]

[ 2020-01-29T16:14:28+08:00 ] 127.0.0.1 /Admin/Index/top.html
INFO: [ app_init ] --START--
INFO: Run Behavior\BuildLiteBehavior [ RunTime:0.000512s ]
INFO: [ app_init ] --END-- [ RunTime:0.004044s ]
INFO: [ app_begin ] --START--
INFO: Run Behavior\ReadHtmlCacheBehavior [ RunTime:0.003264s ]
INFO: [ app_begin ] --END-- [ RunTime:0.005445s ]
INFO: [ view_parse ] --START--
INFO: [ template_filter ] --START--
INFO: Run Behavior\ContentReplaceBehavior [ RunTime:0.000786s ]
INFO: [ template_filter ] --END-- [ RunTime:0.002341s ]
INFO: Run Behavior\ParseTemplateBehavior [ RunTime:0.049845s ]
INFO: [ view_parse ] --END-- [ RunTime:0.051553s ]
INFO: [ view_filter ] --START--
INFO: Run Behavior\WriteHtmlCacheBehavior [ RunTime:0.003616s ]
INFO: [ view_filter ] --END-- [ RunTime:0.005980s ]
INFO: [ app_end ] --START--
INFO: Run Behavior\ShowPageTraceBehavior [ RunTime:0.003030s ]
INFO: [ app_end ] --END-- [ RunTime:0.004899s ]

[ 2020-01-29T16:14:28+08:00 ] 127.0.0.1 /Admin/Index/Images/ecshop_logo.gif
INFO: [ app_init ] --START--
INFO: Run Behavior\BuildLiteBehavior [ RunTime:0.000381s ]
INFO: [ app_init ] --END-- [ RunTime:0.003514s ]

[ 2020-01-29T16:14:28+08:00 ] 127.0.0.1 /Admin/Index/menu.html
INFO: [ app_init ] --START--
INFO: Run Behavior\BuildLiteBehavior [ RunTime:0.000458s ]
INFO: [ app_init ] --END-- [ RunTime:0.003743s ]
INFO: [ app_begin ] --START--
INFO: Run Behavior\ReadHtmlCacheBehavior [ RunTime:0.003720s ]
INFO: [ app_begin ] --END-- [ RunTime:0.006823s ]
INFO: [ view_parse ] --START--
INFO: [ template_filter ] --START--
INFO: Run Behavior\ContentReplaceBehavior [ RunTime:0.003034s ]
INFO: [ template_filter ] --END-- [ RunTime:0.005163s ]
INFO: Run Behavior\ParseTemplateBehavior [ RunTime:0.068731s ]
INFO: [ view_parse ] --END-- [ RunTime:0.071124s ]
INFO: [ view_filter ] --START--
INFO: Run Behavior\WriteHtmlCacheBehavior [ RunTime:0.002344s ]
INFO: [ view_filter ] --END-- [ RunTime:0.004934s ]
INFO: [ app_end ] --START--
INFO: Run Behavior\ShowPageTraceBehavior [ RunTime:0.005410s ]
INFO: [ app_end ] --END-- [ RunTime:0.008297s ]

[ 2020-01-29T16:14:28+08:00 ] 127.0.0.1 /Admin/Index/Images/menu_minus.gif
INFO: [ app_init ] --START--
INFO: Run Behavior\BuildLiteBehavior [ RunTime:0.000405s ]
INFO: [ app_init ] --END-- [ RunTime:0.003462s ]

[ 2020-01-29T16:14:28+08:00 ] 127.0.0.1 /Admin/Index/main.html
INFO: [ app_init ] --START--
INFO: Run Behavior\BuildLiteBehavior [ RunTime:0.000570s ]
INFO: [ app_init ] --END-- [ RunTime:0.003920s ]
INFO: [ app_begin ] --START--
INFO: Run Behavior\ReadHtmlCacheBehavior [ RunTime:0.004237s ]
INFO: [ app_begin ] --END-- [ RunTime:0.007648s ]
INFO: [ view_parse ] --START--
INFO: [ template_filter ] --START--
INFO: Run Behavior\ContentReplaceBehavior [ RunTime:0.001244s ]
INFO: [ template_filter ] --END-- [ RunTime:0.003493s ]
INFO: Run Behavior\ParseTemplateBehavior [ RunTime:0.075958s ]
INFO: [ view_parse ] --END-- [ RunTime:0.078208s ]
INFO: [ view_filter ] --START--
INFO: Run Behavior\WriteHtmlCacheBehavior [ RunTime:0.003254s ]
INFO: [ view_filter ] --END-- [ RunTime:0.005762s ]
INFO: [ app_end ] --START--
INFO: Run Behavior\ShowPageTraceBehavior [ RunTime:0.004463s ]
INFO: [ app_end ] --END-- [ RunTime:0.008324s ]

[ 2020-01-29T16:14:28+08:00 ] 127.0.0.1 /Admin/Index/Styles/general.css
INFO: [ app_init ] --START--
INFO: Run Behavior\BuildLiteBehavior [ RunTime:0.000493s ]
INFO: [ app_init ] --END-- [ RunTime:0.003592s ]
INFO: [ app_begin ] --START--
INFO: Run Behavior\ReadHtmlCacheBehavior [ RunTime:0.008634s ]
INFO: [ app_begin ] --END-- [ RunTime:0.011399s ]
ERR: 非法操作:Styles
NOTIC: [2] Cannot modify header information - headers already sent by (output started at C:\Myeven\Apache24\htdocs\jxshop\ThinkPHP\Common\functions.php:102) C:\Myeven\Apache24\htdocs\jxshop\ThinkPHP\Library\Think\Think.class.php 第 229 行.
NOTIC: [2] Cannot modify header information - headers already sent by (output started at C:\Myeven\Apache24\htdocs\jxshop\ThinkPHP\Common\functions.php:102) C:\Myeven\Apache24\htdocs\jxshop\ThinkPHP\Library\Think\Think.class.php 第 230 行.

[ 2020-01-29T16:14:28+08:00 ] 127.0.0.1 /Admin/Index/Js/utils.js
INFO: [ app_init ] --START--
INFO: Run Behavior\BuildLiteBehavior [ RunTime:0.000758s ]
INFO: [ app_init ] --END-- [ RunTime:0.005573s ]
INFO: [ app_begin ] --START--
INFO: Run Behavior\ReadHtmlCacheBehavior [ RunTime:0.003092s ]
INFO: [ app_begin ] --END-- [ RunTime:0.005088s ]
ERR: 非法操作:Js
NOTIC: [2] Cannot modify header information - headers already sent by (output started at C:\Myeven\Apache24\htdocs\jxshop\ThinkPHP\Common\functions.php:102) C:\Myeven\Apache24\htdocs\jxshop\ThinkPHP\Library\Think\Think.class.php 第 229 行.
NOTIC: [2] Cannot modify header information - headers already sent by (output started at C:\Myeven\Apache24\htdocs\jxshop\ThinkPHP\Common\functions.php:102) C:\Myeven\Apache24\htdocs\jxshop\ThinkPHP\Library\Think\Think.class.php 第 230 行.

[ 2020-01-29T16:14:28+08:00 ] 127.0.0.1 /Admin/Index/Js/global.js
INFO: [ app_init ] --START--
INFO: Run Behavior\BuildLiteBehavior [ RunTime:0.000452s ]
INFO: [ app_init ] --END-- [ RunTime:0.007265s ]
INFO: [ app_begin ] --START--
INFO: Run Behavior\ReadHtmlCacheBehavior [ RunTime:0.004540s ]
INFO: [ app_begin ] --END-- [ RunTime:0.007517s ]
ERR: 非法操作:Js
NOTIC: [2] Cannot modify header information - headers already sent by (output started at C:\Myeven\Apache24\htdocs\jxshop\ThinkPHP\Common\functions.php:102) C:\Myeven\Apache24\htdocs\jxshop\ThinkPHP\Library\Think\Think.class.php 第 229 行.
NOTIC: [2] Cannot modify header information - headers already sent by (output started at C:\Myeven\Apache24\htdocs\jxshop\ThinkPHP\Common\functions.php:102) C:\Myeven\Apache24\htdocs\jxshop\ThinkPHP\Library\Think\Think.class.php 第 230 行.

[ 2020-01-29T16:14:28+08:00 ] 127.0.0.1 /Admin/Index/Js/transport.js
INFO: [ app_init ] --START--
INFO: Run Behavior\BuildLiteBehavior [ RunTime:0.000441s ]
INFO: [ app_init ] --END-- [ RunTime:0.004792s ]
INFO: [ app_begin ] --START--
INFO: Run Behavior\ReadHtmlCacheBehavior [ RunTime:0.003708s ]
INFO: [ app_begin ] --END-- [ RunTime:0.006556s ]
ERR: 非法操作:Js
NOTIC: [2] Cannot modify header information - headers already sent by (output started at C:\Myeven\Apache24\htdocs\jxshop\ThinkPHP\Common\functions.php:102) C:\Myeven\Apache24\htdocs\jxshop\ThinkPHP\Library\Think\Think.class.php 第 229 行.
NOTIC: [2] Cannot modify header information - headers already sent by (output started at C:\Myeven\Apache24\htdocs\jxshop\ThinkPHP\Common\functions.php:102) C:\Myeven\Apache24\htdocs\jxshop\ThinkPHP\Library\Think\Think.class.php 第 230 行.

[ 2020-01-29T16:14:28+08:00 ] 127.0.0.1 /Admin/Index/Styles/general.css
INFO: [ app_init ] --START--
INFO: Run Behavior\BuildLiteBehavior [ RunTime:0.000417s ]
INFO: [ app_init ] --END-- [ RunTime:0.004389s ]
INFO: [ app_begin ] --START--
INFO: Run Behavior\ReadHtmlCacheBehavior [ RunTime:0.003033s ]
INFO: [ app_begin ] --END-- [ RunTime:0.005642s ]
ERR: 非法操作:Styles
NOTIC: [2] Cannot modify header information - headers already sent by (output started at C:\Myeven\Apache24\htdocs\jxshop\ThinkPHP\Common\functions.php:102) C:\Myeven\Apache24\htdocs\jxshop\ThinkPHP\Library\Think\Think.class.php 第 229 行.
NOTIC: [2] Cannot modify header information - headers already sent by (output started at C:\Myeven\Apache24\htdocs\jxshop\ThinkPHP\Common\functions.php:102) C:\Myeven\Apache24\htdocs\jxshop\ThinkPHP\Library\Think\Think.class.php 第 230 行.

[ 2020-01-29T16:14:28+08:00 ] 127.0.0.1 /Admin/Index/Styles/main.css
INFO: [ app_init ] --START--
INFO: Run Behavior\BuildLiteBehavior [ RunTime:0.000464s ]
INFO: [ app_init ] --END-- [ RunTime:0.004114s ]
INFO: [ app_begin ] --START--
INFO: Run Behavior\ReadHtmlCacheBehavior [ RunTime:0.002246s ]
INFO: [ app_begin ] --END-- [ RunTime:0.003765s ]
ERR: 非法操作:Styles
NOTIC: [2] Cannot modify header information - headers already sent by (output started at C:\Myeven\Apache24\htdocs\jxshop\ThinkPHP\Common\functions.php:102) C:\Myeven\Apache24\htdocs\jxshop\ThinkPHP\Library\Think\Think.class.php 第 229 行.
NOTIC: [2] Cannot modify header information - headers already sent by (output started at C:\Myeven\Apache24\htdocs\jxshop\ThinkPHP\Common\functions.php:102) C:\Myeven\Apache24\htdocs\jxshop\ThinkPHP\Library\Think\Think.class.php 第 230 行.

[ 2020-01-29T16:14:28+08:00 ] 127.0.0.1 /Admin/Index/Images/menu_arrow.gif
INFO: [ app_init ] --START--
INFO: Run Behavior\BuildLiteBehavior [ RunTime:0.000612s ]
INFO: [ app_init ] --END-- [ RunTime:0.003691s ]

[ 2020-01-29T16:14:28+08:00 ] 127.0.0.1 /Admin/Index/Images/menu_minus.gif
INFO: [ app_init ] --START--
INFO: Run Behavior\BuildLiteBehavior [ RunTime:0.000415s ]
INFO: [ app_init ] --END-- [ RunTime:0.003886s ]

[ 2020-01-29T16:14:28+08:00 ] 127.0.0.1 /Admin/Index/Styles/general.css
INFO: [ app_init ] --START--
INFO: Run Behavior\BuildLiteBehavior [ RunTime:0.000498s ]
INFO: [ app_init ] --END-- [ RunTime:0.004780s ]
INFO: [ app_begin ] --START--
INFO: Run Behavior\ReadHtmlCacheBehavior [ RunTime:0.005764s ]
INFO: [ app_begin ] --END-- [ RunTime:0.007958s ]
ERR: 非法操作:Styles
NOTIC: [2] Cannot modify header information - headers already sent by (output started at C:\Myeven\Apache24\htdocs\jxshop\ThinkPHP\Common\functions.php:102) C:\Myeven\Apache24\htdocs\jxshop\ThinkPHP\Library\Think\Think.class.php 第 229 行.
NOTIC: [2] Cannot modify header information - headers already sent by (output started at C:\Myeven\Apache24\htdocs\jxshop\ThinkPHP\Common\functions.php:102) C:\Myeven\Apache24\htdocs\jxshop\ThinkPHP\Library\Think\Think.class.php 第 230 行.

[ 2020-01-29T16:16:15+08:00 ] 127.0.0.1 /Admin/Index/index
INFO: [ app_init ] --START--
INFO: Run Behavior\BuildLiteBehavior [ RunTime:0.000425s ]
INFO: [ app_init ] --END-- [ RunTime:0.003565s ]
INFO: [ app_begin ] --START--
INFO: Run Behavior\ReadHtmlCacheBehavior [ RunTime:0.002789s ]
INFO: [ app_begin ] --END-- [ RunTime:0.004162s ]
INFO: [ view_parse ] --START--
INFO: [ template_filter ] --START--
INFO: Run Behavior\ContentReplaceBehavior [ RunTime:0.001605s ]
INFO: [ template_filter ] --END-- [ RunTime:0.003446s ]
INFO: Run Behavior\ParseTemplateBehavior [ RunTime:0.042350s ]
INFO: [ view_parse ] --END-- [ RunTime:0.044655s ]
INFO: [ view_filter ] --START--
INFO: Run Behavior\WriteHtmlCacheBehavior [ RunTime:0.003526s ]
INFO: [ view_filter ] --END-- [ RunTime:0.005310s ]
INFO: [ app_end ] --START--
INFO: Run Behavior\ShowPageTraceBehavior [ RunTime:0.003508s ]
INFO: [ app_end ] --END-- [ RunTime:0.005444s ]

[ 2020-01-29T16:16:15+08:00 ] 127.0.0.1 /Admin/Index/main.html
INFO: [ app_init ] --START--
INFO: Run Behavior\BuildLiteBehavior [ RunTime:0.000451s ]
INFO: [ app_init ] --END-- [ RunTime:0.004348s ]
INFO: [ app_begin ] --START--
INFO: Run Behavior\ReadHtmlCacheBehavior [ RunTime:0.005087s ]
INFO: [ app_begin ] --END-- [ RunTime:0.007531s ]
INFO: [ view_parse ] --START--
INFO: [ template_filter ] --START--
INFO: Run Behavior\ContentReplaceBehavior [ RunTime:0.002913s ]
INFO: [ template_filter ] --END-- [ RunTime:0.004772s ]
INFO: Run Behavior\ParseTemplateBehavior [ RunTime:0.041686s ]
INFO: [ view_parse ] --END-- [ RunTime:0.042975s ]
INFO: [ view_filter ] --START--
INFO: Run Behavior\WriteHtmlCacheBehavior [ RunTime:0.002435s ]
INFO: [ view_filter ] --END-- [ RunTime:0.004220s ]
INFO: [ app_end ] --START--
INFO: Run Behavior\ShowPageTraceBehavior [ RunTime:0.002591s ]
INFO: [ app_end ] --END-- [ RunTime:0.004097s ]

[ 2020-01-29T16:16:15+08:00 ] 127.0.0.1 /Admin/Index/top.html
INFO: [ app_init ] --START--
INFO: Run Behavior\BuildLiteBehavior [ RunTime:0.000678s ]
INFO: [ app_init ] --END-- [ RunTime:0.004051s ]
INFO: [ app_begin ] --START--
INFO: Run Behavior\ReadHtmlCacheBehavior [ RunTime:0.004713s ]
INFO: [ app_begin ] --END-- [ RunTime:0.008434s ]
INFO: [ view_parse ] --START--
INFO: [ template_filter ] --START--
INFO: Run Behavior\ContentReplaceBehavior [ RunTime:0.002263s ]
INFO: [ template_filter ] --END-- [ RunTime:0.005859s ]
INFO: Run Behavior\ParseTemplateBehavior [ RunTime:0.053289s ]
INFO: [ view_parse ] --END-- [ RunTime:0.055768s ]
INFO: [ view_filter ] --START--
INFO: Run Behavior\WriteHtmlCacheBehavior [ RunTime:0.002678s ]
INFO: [ view_filter ] --END-- [ RunTime:0.005718s ]
INFO: [ app_end ] --START--
INFO: Run Behavior\ShowPageTraceBehavior [ RunTime:0.004913s ]
INFO: [ app_end ] --END-- [ RunTime:0.012248s ]

[ 2020-01-29T16:16:16+08:00 ] 127.0.0.1 /Admin/Index/Images/ecshop_logo.gif
INFO: [ app_init ] --START--
INFO: Run Behavior\BuildLiteBehavior [ RunTime:0.000417s ]
INFO: [ app_init ] --END-- [ RunTime:0.004039s ]

[ 2020-01-29T16:16:16+08:00 ] 127.0.0.1 /Admin/Index/menu.html
INFO: [ app_init ] --START--
INFO: Run Behavior\BuildLiteBehavior [ RunTime:0.000387s ]
INFO: [ app_init ] --END-- [ RunTime:0.004085s ]
INFO: [ app_begin ] --START--
INFO: Run Behavior\ReadHtmlCacheBehavior [ RunTime:0.007384s ]
INFO: [ app_begin ] --END-- [ RunTime:0.011669s ]
INFO: [ view_parse ] --START--
INFO: [ template_filter ] --START--
INFO: Run Behavior\ContentReplaceBehavior [ RunTime:0.002258s ]
INFO: [ template_filter ] --END-- [ RunTime:0.003705s ]
INFO: Run Behavior\ParseTemplateBehavior [ RunTime:0.054744s ]
INFO: [ view_parse ] --END-- [ RunTime:0.058122s ]
INFO: [ view_filter ] --START--
INFO: Run Behavior\WriteHtmlCacheBehavior [ RunTime:0.003130s ]
INFO: [ view_filter ] --END-- [ RunTime:0.005230s ]
INFO: [ app_end ] --START--
INFO: Run Behavior\ShowPageTraceBehavior [ RunTime:0.002388s ]
INFO: [ app_end ] --END-- [ RunTime:0.003901s ]

[ 2020-01-29T16:16:16+08:00 ] 127.0.0.1 /Admin/Index/Styles/general.css
INFO: [ app_init ] --START--
INFO: Run Behavior\BuildLiteBehavior [ RunTime:0.000559s ]
INFO: [ app_init ] --END-- [ RunTime:0.003931s ]
INFO: [ app_begin ] --START--
INFO: Run Behavior\ReadHtmlCacheBehavior [ RunTime:0.012849s ]
INFO: [ app_begin ] --END-- [ RunTime:0.019528s ]
ERR: 非法操作:Styles
NOTIC: [2] Cannot modify header information - headers already sent by (output started at C:\Myeven\Apache24\htdocs\jxshop\ThinkPHP\Common\functions.php:102) C:\Myeven\Apache24\htdocs\jxshop\ThinkPHP\Library\Think\Think.class.php 第 229 行.
NOTIC: [2] Cannot modify header information - headers already sent by (output started at C:\Myeven\Apache24\htdocs\jxshop\ThinkPHP\Common\functions.php:102) C:\Myeven\Apache24\htdocs\jxshop\ThinkPHP\Library\Think\Think.class.php 第 230 行.

[ 2020-01-29T16:16:16+08:00 ] 127.0.0.1 /Admin/Index/Styles/main.css
INFO: [ app_init ] --START--
INFO: Run Behavior\BuildLiteBehavior [ RunTime:0.000405s ]
INFO: [ app_init ] --END-- [ RunTime:0.004541s ]
INFO: [ app_begin ] --START--
INFO: Run Behavior\ReadHtmlCacheBehavior [ RunTime:0.003549s ]
INFO: [ app_begin ] --END-- [ RunTime:0.005488s ]
ERR: 非法操作:Styles
NOTIC: [2] Cannot modify header information - headers already sent by (output started at C:\Myeven\Apache24\htdocs\jxshop\ThinkPHP\Common\functions.php:102) C:\Myeven\Apache24\htdocs\jxshop\ThinkPHP\Library\Think\Think.class.php 第 229 行.
NOTIC: [2] Cannot modify header information - headers already sent by (output started at C:\Myeven\Apache24\htdocs\jxshop\ThinkPHP\Common\functions.php:102) C:\Myeven\Apache24\htdocs\jxshop\ThinkPHP\Library\Think\Think.class.php 第 230 行.

[ 2020-01-29T16:16:16+08:00 ] 127.0.0.1 /Admin/Index/Styles/general.css
INFO: [ app_init ] --START--
INFO: Run Behavior\BuildLiteBehavior [ RunTime:0.000428s ]
INFO: [ app_init ] --END-- [ RunTime:0.005809s ]
INFO: [ app_begin ] --START--
INFO: Run Behavior\ReadHtmlCacheBehavior [ RunTime:0.003239s ]
INFO: [ app_begin ] --END-- [ RunTime:0.006865s ]
ERR: 非法操作:Styles
NOTIC: [2] Cannot modify header information - headers already sent by (output started at C:\Myeven\Apache24\htdocs\jxshop\ThinkPHP\Common\functions.php:102) C:\Myeven\Apache24\htdocs\jxshop\ThinkPHP\Library\Think\Think.class.php 第 229 行.
NOTIC: [2] Cannot modify header information - headers already sent by (output started at C:\Myeven\Apache24\htdocs\jxshop\ThinkPHP\Common\functions.php:102) C:\Myeven\Apache24\htdocs\jxshop\ThinkPHP\Library\Think\Think.class.php 第 230 行.

[ 2020-01-29T16:16:16+08:00 ] 127.0.0.1 /Admin/Index/Images/menu_minus.gif
INFO: [ app_init ] --START--
INFO: Run Behavior\BuildLiteBehavior [ RunTime:0.000554s ]
INFO: [ app_init ] --END-- [ RunTime:0.021640s ]

[ 2020-01-29T16:16:16+08:00 ] 127.0.0.1 /Admin/Index/Js/global.js
INFO: [ app_init ] --START--
INFO: Run Behavior\BuildLiteBehavior [ RunTime:0.000454s ]
INFO: [ app_init ] --END-- [ RunTime:0.003397s ]
INFO: [ app_begin ] --START--
INFO: Run Behavior\ReadHtmlCacheBehavior [ RunTime:0.009919s ]
INFO: [ app_begin ] --END-- [ RunTime:0.012597s ]
ERR: 非法操作:Js
NOTIC: [2] Cannot modify header information - headers already sent by (output started at C:\Myeven\Apache24\htdocs\jxshop\ThinkPHP\Common\functions.php:102) C:\Myeven\Apache24\htdocs\jxshop\ThinkPHP\Library\Think\Think.class.php 第 229 行.
NOTIC: [2] Cannot modify header information - headers already sent by (output started at C:\Myeven\Apache24\htdocs\jxshop\ThinkPHP\Common\functions.php:102) C:\Myeven\Apache24\htdocs\jxshop\ThinkPHP\Library\Think\Think.class.php 第 230 行.

[ 2020-01-29T16:16:16+08:00 ] 127.0.0.1 /Admin/Index/Js/utils.js
INFO: [ app_init ] --START--
INFO: Run Behavior\BuildLiteBehavior [ RunTime:0.000474s ]
INFO: [ app_init ] --END-- [ RunTime:0.007178s ]
INFO: [ app_begin ] --START--
INFO: Run Behavior\ReadHtmlCacheBehavior [ RunTime:0.003481s ]
INFO: [ app_begin ] --END-- [ RunTime:0.006918s ]
ERR: 非法操作:Js
NOTIC: [2] Cannot modify header information - headers already sent by (output started at C:\Myeven\Apache24\htdocs\jxshop\ThinkPHP\Common\functions.php:102) C:\Myeven\Apache24\htdocs\jxshop\ThinkPHP\Library\Think\Think.class.php 第 229 行.
NOTIC: [2] Cannot modify header information - headers already sent by (output started at C:\Myeven\Apache24\htdocs\jxshop\ThinkPHP\Common\functions.php:102) C:\Myeven\Apache24\htdocs\jxshop\ThinkPHP\Library\Think\Think.class.php 第 230 行.

[ 2020-01-29T16:16:16+08:00 ] 127.0.0.1 /Admin/Index/Styles/general.css
INFO: [ app_init ] --START--
INFO: Run Behavior\BuildLiteBehavior [ RunTime:0.000692s ]
INFO: [ app_init ] --END-- [ RunTime:0.006415s ]
INFO: [ app_begin ] --START--
INFO: Run Behavior\ReadHtmlCacheBehavior [ RunTime:0.003548s ]
INFO: [ app_begin ] --END-- [ RunTime:0.005706s ]
ERR: 非法操作:Styles
NOTIC: [2] Cannot modify header information - headers already sent by (output started at C:\Myeven\Apache24\htdocs\jxshop\ThinkPHP\Common\functions.php:102) C:\Myeven\Apache24\htdocs\jxshop\ThinkPHP\Library\Think\Think.class.php 第 229 行.
NOTIC: [2] Cannot modify header information - headers already sent by (output started at C:\Myeven\Apache24\htdocs\jxshop\ThinkPHP\Common\functions.php:102) C:\Myeven\Apache24\htdocs\jxshop\ThinkPHP\Library\Think\Think.class.php 第 230 行.

[ 2020-01-29T16:16:16+08:00 ] 127.0.0.1 /Admin/Index/Images/menu_arrow.gif
INFO: [ app_init ] --START--
INFO: Run Behavior\BuildLiteBehavior [ RunTime:0.000408s ]
INFO: [ app_init ] --END-- [ RunTime:0.003800s ]

[ 2020-01-29T16:16:16+08:00 ] 127.0.0.1 /Admin/Index/Js/transport.js
INFO: [ app_init ] --START--
INFO: Run Behavior\BuildLiteBehavior [ RunTime:0.000761s ]
INFO: [ app_init ] --END-- [ RunTime:0.011295s ]
INFO: [ app_begin ] --START--
INFO: Run Behavior\ReadHtmlCacheBehavior [ RunTime:0.003148s ]
INFO: [ app_begin ] --END-- [ RunTime:0.007741s ]
ERR: 非法操作:Js
NOTIC: [2] Cannot modify header information - headers already sent by (output started at C:\Myeven\Apache24\htdocs\jxshop\ThinkPHP\Common\functions.php:102) C:\Myeven\Apache24\htdocs\jxshop\ThinkPHP\Library\Think\Think.class.php 第 229 行.
NOTIC: [2] Cannot modify header information - headers already sent by (output started at C:\Myeven\Apache24\htdocs\jxshop\ThinkPHP\Common\functions.php:102) C:\Myeven\Apache24\htdocs\jxshop\ThinkPHP\Library\Think\Think.class.php 第 230 行.

[ 2020-01-29T16:16:16+08:00 ] 127.0.0.1 /Admin/Index/Images/menu_minus.gif
INFO: [ app_init ] --START--
INFO: Run Behavior\BuildLiteBehavior [ RunTime:0.000465s ]
INFO: [ app_init ] --END-- [ RunTime:0.004428s ]

[ 2020-01-29T16:16:54+08:00 ] 127.0.0.1 /Admin/Index/index
INFO: [ app_init ] --START--
INFO: Run Behavior\BuildLiteBehavior [ RunTime:0.000471s ]
INFO: [ app_init ] --END-- [ RunTime:0.003438s ]
INFO: [ app_begin ] --START--
INFO: Run Behavior\ReadHtmlCacheBehavior [ RunTime:0.002308s ]
INFO: [ app_begin ] --END-- [ RunTime:0.003669s ]
INFO: [ view_parse ] --START--
INFO: [ template_filter ] --START--
INFO: Run Behavior\ContentReplaceBehavior [ RunTime:0.001150s ]
INFO: [ template_filter ] --END-- [ RunTime:0.003112s ]
INFO: Run Behavior\ParseTemplateBehavior [ RunTime:0.033916s ]
INFO: [ view_parse ] --END-- [ RunTime:0.036200s ]
INFO: [ view_filter ] --START--
INFO: Run Behavior\WriteHtmlCacheBehavior [ RunTime:0.002156s ]
INFO: [ view_filter ] --END-- [ RunTime:0.005374s ]
INFO: [ app_end ] --START--
INFO: Run Behavior\ShowPageTraceBehavior [ RunTime:0.003583s ]
INFO: [ app_end ] --END-- [ RunTime:0.005483s ]

[ 2020-01-29T16:16:55+08:00 ] 127.0.0.1 /Admin/Index/top.html
INFO: [ app_init ] --START--
INFO: Run Behavior\BuildLiteBehavior [ RunTime:0.000523s ]
INFO: [ app_init ] --END-- [ RunTime:0.004019s ]
INFO: [ app_begin ] --START--
INFO: Run Behavior\ReadHtmlCacheBehavior [ RunTime:0.003318s ]
INFO: [ app_begin ] --END-- [ RunTime:0.006012s ]
INFO: [ view_parse ] --START--
INFO: [ template_filter ] --START--
INFO: Run Behavior\ContentReplaceBehavior [ RunTime:0.000850s ]
INFO: [ template_filter ] --END-- [ RunTime:0.002818s ]
INFO: Run Behavior\ParseTemplateBehavior [ RunTime:0.038371s ]
INFO: [ view_parse ] --END-- [ RunTime:0.040212s ]
INFO: [ view_filter ] --START--
INFO: Run Behavior\WriteHtmlCacheBehavior [ RunTime:0.002094s ]
INFO: [ view_filter ] --END-- [ RunTime:0.003362s ]
INFO: [ app_end ] --START--
INFO: Run Behavior\ShowPageTraceBehavior [ RunTime:0.002328s ]
INFO: [ app_end ] --END-- [ RunTime:0.003551s ]

[ 2020-01-29T16:16:55+08:00 ] 127.0.0.1 /Admin/Index/main.html
INFO: [ app_init ] --START--
INFO: Run Behavior\BuildLiteBehavior [ RunTime:0.000522s ]
INFO: [ app_init ] --END-- [ RunTime:0.004792s ]
INFO: [ app_begin ] --START--
INFO: Run Behavior\ReadHtmlCacheBehavior [ RunTime:0.003305s ]
INFO: [ app_begin ] --END-- [ RunTime:0.005369s ]
INFO: [ view_parse ] --START--
INFO: [ template_filter ] --START--
INFO: Run Behavior\ContentReplaceBehavior [ RunTime:0.001484s ]
INFO: [ template_filter ] --END-- [ RunTime:0.003601s ]
INFO: Run Behavior\ParseTemplateBehavior [ RunTime:0.042417s ]
INFO: [ view_parse ] --END-- [ RunTime:0.044381s ]
INFO: [ view_filter ] --START--
INFO: Run Behavior\WriteHtmlCacheBehavior [ RunTime:0.002698s ]
INFO: [ view_filter ] --END-- [ RunTime:0.004994s ]
INFO: [ app_end ] --START--
INFO: Run Behavior\ShowPageTraceBehavior [ RunTime:0.002684s ]
INFO: [ app_end ] --END-- [ RunTime:0.004627s ]

[ 2020-01-29T16:16:55+08:00 ] 127.0.0.1 /Admin/Index/Images/ecshop_logo.gif
INFO: [ app_init ] --START--
INFO: Run Behavior\BuildLiteBehavior [ RunTime:0.000370s ]
INFO: [ app_init ] --END-- [ RunTime:0.003363s ]

[ 2020-01-29T16:16:55+08:00 ] 127.0.0.1 /Admin/Index/menu.html
INFO: [ app_init ] --START--
INFO: Run Behavior\BuildLiteBehavior [ RunTime:0.000784s ]
INFO: [ app_init ] --END-- [ RunTime:0.006531s ]
INFO: [ app_begin ] --START--
INFO: Run Behavior\ReadHtmlCacheBehavior [ RunTime:0.002626s ]
INFO: [ app_begin ] --END-- [ RunTime:0.004244s ]
INFO: [ view_parse ] --START--
INFO: [ template_filter ] --START--
INFO: Run Behavior\ContentReplaceBehavior [ RunTime:0.001444s ]
INFO: [ template_filter ] --END-- [ RunTime:0.003647s ]
INFO: Run Behavior\ParseTemplateBehavior [ RunTime:0.047342s ]
INFO: [ view_parse ] --END-- [ RunTime:0.048930s ]
INFO: [ view_filter ] --START--
INFO: Run Behavior\WriteHtmlCacheBehavior [ RunTime:0.006418s ]
INFO: [ view_filter ] --END-- [ RunTime:0.008101s ]
INFO: [ app_end ] --START--
INFO: Run Behavior\ShowPageTraceBehavior [ RunTime:0.002257s ]
INFO: [ app_end ] --END-- [ RunTime:0.003590s ]

[ 2020-01-29T16:16:55+08:00 ] 127.0.0.1 /Admin/Index/Images/menu_minus.gif
INFO: [ app_init ] --START--
INFO: Run Behavior\BuildLiteBehavior [ RunTime:0.000738s ]
INFO: [ app_init ] --END-- [ RunTime:0.004953s ]

[ 2020-01-29T16:16:55+08:00 ] 127.0.0.1 /Admin/Index/Styles/main.css
INFO: [ app_init ] --START--
INFO: Run Behavior\BuildLiteBehavior [ RunTime:0.000652s ]
INFO: [ app_init ] --END-- [ RunTime:0.008201s ]
INFO: [ app_begin ] --START--
INFO: Run Behavior\ReadHtmlCacheBehavior [ RunTime:0.002840s ]
INFO: [ app_begin ] --END-- [ RunTime:0.005087s ]
ERR: 非法操作:Styles
NOTIC: [2] Cannot modify header information - headers already sent by (output started at C:\Myeven\Apache24\htdocs\jxshop\ThinkPHP\Common\functions.php:102) C:\Myeven\Apache24\htdocs\jxshop\ThinkPHP\Library\Think\Think.class.php 第 229 行.
NOTIC: [2] Cannot modify header information - headers already sent by (output started at C:\Myeven\Apache24\htdocs\jxshop\ThinkPHP\Common\functions.php:102) C:\Myeven\Apache24\htdocs\jxshop\ThinkPHP\Library\Think\Think.class.php 第 230 行.

[ 2020-01-29T16:16:55+08:00 ] 127.0.0.1 /Admin/Index/Styles/general.css
INFO: [ app_init ] --START--
INFO: Run Behavior\BuildLiteBehavior [ RunTime:0.000471s ]
INFO: [ app_init ] --END-- [ RunTime:0.008522s ]
INFO: [ app_begin ] --START--
INFO: Run Behavior\ReadHtmlCacheBehavior [ RunTime:0.006875s ]
INFO: [ app_begin ] --END-- [ RunTime:0.009004s ]
ERR: 非法操作:Styles
NOTIC: [2] Cannot modify header information - headers already sent by (output started at C:\Myeven\Apache24\htdocs\jxshop\ThinkPHP\Common\functions.php:102) C:\Myeven\Apache24\htdocs\jxshop\ThinkPHP\Library\Think\Think.class.php 第 229 行.
NOTIC: [2] Cannot modify header information - headers already sent by (output started at C:\Myeven\Apache24\htdocs\jxshop\ThinkPHP\Common\functions.php:102) C:\Myeven\Apache24\htdocs\jxshop\ThinkPHP\Library\Think\Think.class.php 第 230 行.

[ 2020-01-29T16:16:55+08:00 ] 127.0.0.1 /Admin/Index/Js/utils.js
INFO: [ app_init ] --START--
INFO: Run Behavior\BuildLiteBehavior [ RunTime:0.000531s ]
INFO: [ app_init ] --END-- [ RunTime:0.003914s ]
INFO: [ app_begin ] --START--
INFO: Run Behavior\ReadHtmlCacheBehavior [ RunTime:0.002828s ]
INFO: [ app_begin ] --END-- [ RunTime:0.006092s ]
ERR: 非法操作:Js
NOTIC: [2] Cannot modify header information - headers already sent by (output started at C:\Myeven\Apache24\htdocs\jxshop\ThinkPHP\Common\functions.php:102) C:\Myeven\Apache24\htdocs\jxshop\ThinkPHP\Library\Think\Think.class.php 第 229 行.
NOTIC: [2] Cannot modify header information - headers already sent by (output started at C:\Myeven\Apache24\htdocs\jxshop\ThinkPHP\Common\functions.php:102) C:\Myeven\Apache24\htdocs\jxshop\ThinkPHP\Library\Think\Think.class.php 第 230 行.

[ 2020-01-29T16:16:55+08:00 ] 127.0.0.1 /Admin/Index/Js/global.js
INFO: [ app_init ] --START--
INFO: Run Behavior\BuildLiteBehavior [ RunTime:0.001977s ]
INFO: [ app_init ] --END-- [ RunTime:0.006376s ]
INFO: [ app_begin ] --START--
INFO: Run Behavior\ReadHtmlCacheBehavior [ RunTime:0.002043s ]
INFO: [ app_begin ] --END-- [ RunTime:0.004864s ]
ERR: 非法操作:Js
NOTIC: [2] Cannot modify header information - headers already sent by (output started at C:\Myeven\Apache24\htdocs\jxshop\ThinkPHP\Common\functions.php:102) C:\Myeven\Apache24\htdocs\jxshop\ThinkPHP\Library\Think\Think.class.php 第 229 行.
NOTIC: [2] Cannot modify header information - headers already sent by (output started at C:\Myeven\Apache24\htdocs\jxshop\ThinkPHP\Common\functions.php:102) C:\Myeven\Apache24\htdocs\jxshop\ThinkPHP\Library\Think\Think.class.php 第 230 行.

[ 2020-01-29T16:16:55+08:00 ] 127.0.0.1 /Admin/Index/Js/transport.js
INFO: [ app_init ] --START--
INFO: Run Behavior\BuildLiteBehavior [ RunTime:0.000954s ]
INFO: [ app_init ] --END-- [ RunTime:0.004485s ]
INFO: [ app_begin ] --START--
INFO: Run Behavior\ReadHtmlCacheBehavior [ RunTime:0.002146s ]
INFO: [ app_begin ] --END-- [ RunTime:0.005542s ]
ERR: 非法操作:Js
NOTIC: [2] Cannot modify header information - headers already sent by (output started at C:\Myeven\Apache24\htdocs\jxshop\ThinkPHP\Common\functions.php:102) C:\Myeven\Apache24\htdocs\jxshop\ThinkPHP\Library\Think\Think.class.php 第 229 行.
NOTIC: [2] Cannot modify header information - headers already sent by (output started at C:\Myeven\Apache24\htdocs\jxshop\ThinkPHP\Common\functions.php:102) C:\Myeven\Apache24\htdocs\jxshop\ThinkPHP\Library\Think\Think.class.php 第 230 行.

[ 2020-01-29T16:16:55+08:00 ] 127.0.0.1 /Admin/Index/Styles/general.css
INFO: [ app_init ] --START--
INFO: Run Behavior\BuildLiteBehavior [ RunTime:0.000578s ]
INFO: [ app_init ] --END-- [ RunTime:0.003844s ]
INFO: [ app_begin ] --START--
INFO: Run Behavior\ReadHtmlCacheBehavior [ RunTime:0.002701s ]
INFO: [ app_begin ] --END-- [ RunTime:0.004142s ]
ERR: 非法操作:Styles
NOTIC: [2] Cannot modify header information - headers already sent by (output started at C:\Myeven\Apache24\htdocs\jxshop\ThinkPHP\Common\functions.php:102) C:\Myeven\Apache24\htdocs\jxshop\ThinkPHP\Library\Think\Think.class.php 第 229 行.
NOTIC: [2] Cannot modify header information - headers already sent by (output started at C:\Myeven\Apache24\htdocs\jxshop\ThinkPHP\Common\functions.php:102) C:\Myeven\Apache24\htdocs\jxshop\ThinkPHP\Library\Think\Think.class.php 第 230 行.

[ 2020-01-29T16:16:55+08:00 ] 127.0.0.1 /Admin/Index/Images/menu_arrow.gif
INFO: [ app_init ] --START--
INFO: Run Behavior\BuildLiteBehavior [ RunTime:0.000372s ]
INFO: [ app_init ] --END-- [ RunTime:0.002702s ]

[ 2020-01-29T16:16:55+08:00 ] 127.0.0.1 /Admin/Index/Images/menu_minus.gif
INFO: [ app_init ] --START--
INFO: Run Behavior\BuildLiteBehavior [ RunTime:0.000286s ]
INFO: [ app_init ] --END-- [ RunTime:0.002721s ]

[ 2020-01-29T16:19:37+08:00 ] 127.0.0.1 /Admin/Index/index
INFO: [ app_init ] --START--
INFO: Run Behavior\BuildLiteBehavior [ RunTime:0.000562s ]
INFO: [ app_init ] --END-- [ RunTime:0.003858s ]
INFO: [ app_begin ] --START--
INFO: Run Behavior\ReadHtmlCacheBehavior [ RunTime:0.002852s ]
INFO: [ app_begin ] --END-- [ RunTime:0.004926s ]
INFO: [ view_parse ] --START--
INFO: [ template_filter ] --START--
INFO: Run Behavior\ContentReplaceBehavior [ RunTime:0.001631s ]
INFO: [ template_filter ] --END-- [ RunTime:0.003633s ]
INFO: Run Behavior\ParseTemplateBehavior [ RunTime:0.035195s ]
INFO: [ view_parse ] --END-- [ RunTime:0.037333s ]
INFO: [ view_filter ] --START--
INFO: Run Behavior\WriteHtmlCacheBehavior [ RunTime:0.002332s ]
INFO: [ view_filter ] --END-- [ RunTime:0.004833s ]
INFO: [ app_end ] --START--
INFO: Run Behavior\ShowPageTraceBehavior [ RunTime:0.003762s ]
INFO: [ app_end ] --END-- [ RunTime:0.007036s ]

[ 2020-01-29T16:19:37+08:00 ] 127.0.0.1 /Admin/Index/top.html
INFO: [ app_init ] --START--
INFO: Run Behavior\BuildLiteBehavior [ RunTime:0.000832s ]
INFO: [ app_init ] --END-- [ RunTime:0.004514s ]
INFO: [ app_begin ] --START--
INFO: Run Behavior\ReadHtmlCacheBehavior [ RunTime:0.002910s ]
INFO: [ app_begin ] --END-- [ RunTime:0.005055s ]
INFO: [ view_parse ] --START--
INFO: [ template_filter ] --START--
INFO: Run Behavior\ContentReplaceBehavior [ RunTime:0.000968s ]
INFO: [ template_filter ] --END-- [ RunTime:0.002293s ]
INFO: Run Behavior\ParseTemplateBehavior [ RunTime:0.052221s ]
INFO: [ view_parse ] --END-- [ RunTime:0.054706s ]
INFO: [ view_filter ] --START--
INFO: Run Behavior\WriteHtmlCacheBehavior [ RunTime:0.001852s ]
INFO: [ view_filter ] --END-- [ RunTime:0.003610s ]
INFO: [ app_end ] --START--
INFO: Run Behavior\ShowPageTraceBehavior [ RunTime:0.003448s ]
INFO: [ app_end ] --END-- [ RunTime:0.006291s ]

[ 2020-01-29T16:19:37+08:00 ] 127.0.0.1 /Admin/Index/menu.html
INFO: [ app_init ] --START--
INFO: Run Behavior\BuildLiteBehavior [ RunTime:0.000583s ]
INFO: [ app_init ] --END-- [ RunTime:0.004253s ]
INFO: [ app_begin ] --START--
INFO: Run Behavior\ReadHtmlCacheBehavior [ RunTime:0.004047s ]
INFO: [ app_begin ] --END-- [ RunTime:0.007073s ]
INFO: [ view_parse ] --START--
INFO: [ template_filter ] --START--
INFO: Run Behavior\ContentReplaceBehavior [ RunTime:0.003382s ]
INFO: [ template_filter ] --END-- [ RunTime:0.012929s ]
INFO: Run Behavior\ParseTemplateBehavior [ RunTime:0.078915s ]
INFO: [ view_parse ] --END-- [ RunTime:0.080588s ]
INFO: [ view_filter ] --START--
INFO: Run Behavior\WriteHtmlCacheBehavior [ RunTime:0.002750s ]
INFO: [ view_filter ] --END-- [ RunTime:0.004080s ]
INFO: [ app_end ] --START--
INFO: Run Behavior\ShowPageTraceBehavior [ RunTime:0.004726s ]
INFO: [ app_end ] --END-- [ RunTime:0.007422s ]

[ 2020-01-29T16:19:38+08:00 ] 127.0.0.1 /Admin/Index/Images/ecshop_logo.gif
INFO: [ app_init ] --START--
INFO: Run Behavior\BuildLiteBehavior [ RunTime:0.000718s ]
INFO: [ app_init ] --END-- [ RunTime:0.004382s ]

[ 2020-01-29T16:19:38+08:00 ] 127.0.0.1 /Admin/Index/main.html
INFO: [ app_init ] --START--
INFO: Run Behavior\BuildLiteBehavior [ RunTime:0.000429s ]
INFO: [ app_init ] --END-- [ RunTime:0.004804s ]
INFO: [ app_begin ] --START--
INFO: Run Behavior\ReadHtmlCacheBehavior [ RunTime:0.004350s ]
INFO: [ app_begin ] --END-- [ RunTime:0.006945s ]
INFO: [ view_parse ] --START--
INFO: [ template_filter ] --START--
INFO: Run Behavior\ContentReplaceBehavior [ RunTime:0.002341s ]
INFO: [ template_filter ] --END-- [ RunTime:0.004361s ]
INFO: Run Behavior\ParseTemplateBehavior [ RunTime:0.079534s ]
INFO: [ view_parse ] --END-- [ RunTime:0.100807s ]
INFO: [ view_filter ] --START--
INFO: Run Behavior\WriteHtmlCacheBehavior [ RunTime:0.007336s ]
INFO: [ view_filter ] --END-- [ RunTime:0.009535s ]
INFO: [ app_end ] --START--
INFO: Run Behavior\ShowPageTraceBehavior [ RunTime:0.004889s ]
INFO: [ app_end ] --END-- [ RunTime:0.009746s ]

[ 2020-01-29T16:19:38+08:00 ] 127.0.0.1 /Admin/Index/Images/menu_minus.gif
INFO: [ app_init ] --START--
INFO: Run Behavior\BuildLiteBehavior [ RunTime:0.000516s ]
INFO: [ app_init ] --END-- [ RunTime:0.004249s ]

[ 2020-01-29T16:19:38+08:00 ] 127.0.0.1 /Admin/Index/Js/transport.js
INFO: [ app_init ] --START--
INFO: Run Behavior\BuildLiteBehavior [ RunTime:0.000392s ]
INFO: [ app_init ] --END-- [ RunTime:0.004604s ]
INFO: [ app_begin ] --START--
INFO: Run Behavior\ReadHtmlCacheBehavior [ RunTime:0.005394s ]
INFO: [ app_begin ] --END-- [ RunTime:0.007585s ]
ERR: 非法操作:Js
NOTIC: [2] Cannot modify header information - headers already sent by (output started at C:\Myeven\Apache24\htdocs\jxshop\ThinkPHP\Common\functions.php:102) C:\Myeven\Apache24\htdocs\jxshop\ThinkPHP\Library\Think\Think.class.php 第 229 行.
NOTIC: [2] Cannot modify header information - headers already sent by (output started at C:\Myeven\Apache24\htdocs\jxshop\ThinkPHP\Common\functions.php:102) C:\Myeven\Apache24\htdocs\jxshop\ThinkPHP\Library\Think\Think.class.php 第 230 行.

[ 2020-01-29T16:19:38+08:00 ] 127.0.0.1 /Admin/Index/Js/global.js
INFO: [ app_init ] --START--
INFO: Run Behavior\BuildLiteBehavior [ RunTime:0.000464s ]
INFO: [ app_init ] --END-- [ RunTime:0.012214s ]
INFO: [ app_begin ] --START--
INFO: Run Behavior\ReadHtmlCacheBehavior [ RunTime:0.006419s ]
INFO: [ app_begin ] --END-- [ RunTime:0.008647s ]
ERR: 非法操作:Js
NOTIC: [2] Cannot modify header information - headers already sent by (output started at C:\Myeven\Apache24\htdocs\jxshop\ThinkPHP\Common\functions.php:102) C:\Myeven\Apache24\htdocs\jxshop\ThinkPHP\Library\Think\Think.class.php 第 229 行.
NOTIC: [2] Cannot modify header information - headers already sent by (output started at C:\Myeven\Apache24\htdocs\jxshop\ThinkPHP\Common\functions.php:102) C:\Myeven\Apache24\htdocs\jxshop\ThinkPHP\Library\Think\Think.class.php 第 230 行.

[ 2020-01-29T16:19:38+08:00 ] 127.0.0.1 /Admin/Index/Js/utils.js
INFO: [ app_init ] --START--
INFO: Run Behavior\BuildLiteBehavior [ RunTime:0.000691s ]
INFO: [ app_init ] --END-- [ RunTime:0.004835s ]
INFO: [ app_begin ] --START--
INFO: Run Behavior\ReadHtmlCacheBehavior [ RunTime:0.007080s ]
INFO: [ app_begin ] --END-- [ RunTime:0.013482s ]
ERR: 非法操作:Js
NOTIC: [2] Cannot modify header information - headers already sent by (output started at C:\Myeven\Apache24\htdocs\jxshop\ThinkPHP\Common\functions.php:102) C:\Myeven\Apache24\htdocs\jxshop\ThinkPHP\Library\Think\Think.class.php 第 229 行.
NOTIC: [2] Cannot modify header information - headers already sent by (output started at C:\Myeven\Apache24\htdocs\jxshop\ThinkPHP\Common\functions.php:102) C:\Myeven\Apache24\htdocs\jxshop\ThinkPHP\Library\Think\Think.class.php 第 230 行.

[ 2020-01-29T16:21:25+08:00 ] 127.0.0.1 /Admin/Index/index
INFO: [ app_init ] --START--
INFO: Run Behavior\BuildLiteBehavior [ RunTime:0.000461s ]
INFO: [ app_init ] --END-- [ RunTime:0.003266s ]
INFO: [ app_begin ] --START--
INFO: Run Behavior\ReadHtmlCacheBehavior [ RunTime:0.002012s ]
INFO: [ app_begin ] --END-- [ RunTime:0.003760s ]
INFO: [ view_parse ] --START--
INFO: [ template_filter ] --START--
INFO: Run Behavior\ContentReplaceBehavior [ RunTime:0.001642s ]
INFO: [ template_filter ] --END-- [ RunTime:0.004709s ]
INFO: Run Behavior\ParseTemplateBehavior [ RunTime:0.041298s ]
INFO: [ view_parse ] --END-- [ RunTime:0.043290s ]
INFO: [ view_filter ] --START--
INFO: Run Behavior\WriteHtmlCacheBehavior [ RunTime:0.003636s ]
INFO: [ view_filter ] --END-- [ RunTime:0.005849s ]
INFO: [ app_end ] --START--
INFO: Run Behavior\ShowPageTraceBehavior [ RunTime:0.003809s ]
INFO: [ app_end ] --END-- [ RunTime:0.005681s ]

[ 2020-01-29T16:21:25+08:00 ] 127.0.0.1 /Admin/Index/menu.html
INFO: [ app_init ] --START--
INFO: Run Behavior\BuildLiteBehavior [ RunTime:0.000505s ]
INFO: [ app_init ] --END-- [ RunTime:0.003757s ]
INFO: [ app_begin ] --START--
INFO: Run Behavior\ReadHtmlCacheBehavior [ RunTime:0.002949s ]
INFO: [ app_begin ] --END-- [ RunTime:0.005262s ]
INFO: [ view_parse ] --START--
INFO: [ template_filter ] --START--
INFO: Run Behavior\ContentReplaceBehavior [ RunTime:0.001007s ]
INFO: [ template_filter ] --END-- [ RunTime:0.002210s ]
INFO: Run Behavior\ParseTemplateBehavior [ RunTime:0.041064s ]
INFO: [ view_parse ] --END-- [ RunTime:0.044464s ]
INFO: [ view_filter ] --START--
INFO: Run Behavior\WriteHtmlCacheBehavior [ RunTime:0.001831s ]
INFO: [ view_filter ] --END-- [ RunTime:0.003306s ]
INFO: [ app_end ] --START--
INFO: Run Behavior\ShowPageTraceBehavior [ RunTime:0.005796s ]
INFO: [ app_end ] --END-- [ RunTime:0.008830s ]

[ 2020-01-29T16:21:25+08:00 ] 127.0.0.1 /Admin/Index/main.html
INFO: [ app_init ] --START--
INFO: Run Behavior\BuildLiteBehavior [ RunTime:0.000408s ]
INFO: [ app_init ] --END-- [ RunTime:0.005205s ]
INFO: [ app_begin ] --START--
INFO: Run Behavior\ReadHtmlCacheBehavior [ RunTime:0.003118s ]
INFO: [ app_begin ] --END-- [ RunTime:0.005875s ]
INFO: [ view_parse ] --START--
INFO: [ template_filter ] --START--
INFO: Run Behavior\ContentReplaceBehavior [ RunTime:0.001848s ]
INFO: [ template_filter ] --END-- [ RunTime:0.004672s ]
INFO: Run Behavior\ParseTemplateBehavior [ RunTime:0.081684s ]
INFO: [ view_parse ] --END-- [ RunTime:0.083899s ]
INFO: [ view_filter ] --START--
INFO: Run Behavior\WriteHtmlCacheBehavior [ RunTime:0.006780s ]
INFO: [ view_filter ] --END-- [ RunTime:0.011538s ]
INFO: [ app_end ] --START--
INFO: Run Behavior\ShowPageTraceBehavior [ RunTime:0.004136s ]
INFO: [ app_end ] --END-- [ RunTime:0.006631s ]

[ 2020-01-29T16:21:25+08:00 ] 127.0.0.1 /Admin/Index/top.html
INFO: [ app_init ] --START--
INFO: Run Behavior\BuildLiteBehavior [ RunTime:0.000469s ]
INFO: [ app_init ] --END-- [ RunTime:0.003887s ]
INFO: [ app_begin ] --START--
INFO: Run Behavior\ReadHtmlCacheBehavior [ RunTime:0.002831s ]
INFO: [ app_begin ] --END-- [ RunTime:0.004652s ]
INFO: [ view_parse ] --START--
INFO: [ template_filter ] --START--
INFO: Run Behavior\ContentReplaceBehavior [ RunTime:0.001903s ]
INFO: [ template_filter ] --END-- [ RunTime:0.004282s ]
INFO: Run Behavior\ParseTemplateBehavior [ RunTime:0.039947s ]
INFO: [ view_parse ] --END-- [ RunTime:0.041541s ]
INFO: [ view_filter ] --START--
INFO: Run Behavior\WriteHtmlCacheBehavior [ RunTime:0.004784s ]
INFO: [ view_filter ] --END-- [ RunTime:0.007554s ]
INFO: [ app_end ] --START--
INFO: Run Behavior\ShowPageTraceBehavior [ RunTime:0.002783s ]
INFO: [ app_end ] --END-- [ RunTime:0.004615s ]

[ 2020-01-29T16:21:25+08:00 ] 127.0.0.1 /Admin/Index/Js/utils.js
INFO: [ app_init ] --START--
INFO: Run Behavior\BuildLiteBehavior [ RunTime:0.000499s ]
INFO: [ app_init ] --END-- [ RunTime:0.004052s ]
INFO: [ app_begin ] --START--
INFO: Run Behavior\ReadHtmlCacheBehavior [ RunTime:0.002908s ]
INFO: [ app_begin ] --END-- [ RunTime:0.005169s ]
ERR: 非法操作:Js
NOTIC: [2] Cannot modify header information - headers already sent by (output started at C:\Myeven\Apache24\htdocs\jxshop\ThinkPHP\Common\functions.php:102) C:\Myeven\Apache24\htdocs\jxshop\ThinkPHP\Library\Think\Think.class.php 第 229 行.
NOTIC: [2] Cannot modify header information - headers already sent by (output started at C:\Myeven\Apache24\htdocs\jxshop\ThinkPHP\Common\functions.php:102) C:\Myeven\Apache24\htdocs\jxshop\ThinkPHP\Library\Think\Think.class.php 第 230 行.

[ 2020-01-29T16:21:25+08:00 ] 127.0.0.1 /Admin/Index/Js/transport.js
INFO: [ app_init ] --START--
INFO: Run Behavior\BuildLiteBehavior [ RunTime:0.000519s ]
INFO: [ app_init ] --END-- [ RunTime:0.003971s ]
INFO: [ app_begin ] --START--
INFO: Run Behavior\ReadHtmlCacheBehavior [ RunTime:0.003544s ]
INFO: [ app_begin ] --END-- [ RunTime:0.006077s ]
ERR: 非法操作:Js
NOTIC: [2] Cannot modify header information - headers already sent by (output started at C:\Myeven\Apache24\htdocs\jxshop\ThinkPHP\Common\functions.php:102) C:\Myeven\Apache24\htdocs\jxshop\ThinkPHP\Library\Think\Think.class.php 第 229 行.
NOTIC: [2] Cannot modify header information - headers already sent by (output started at C:\Myeven\Apache24\htdocs\jxshop\ThinkPHP\Common\functions.php:102) C:\Myeven\Apache24\htdocs\jxshop\ThinkPHP\Library\Think\Think.class.php 第 230 行.

[ 2020-01-29T16:21:25+08:00 ] 127.0.0.1 /Admin/Index/Js/global.js
INFO: [ app_init ] --START--
INFO: Run Behavior\BuildLiteBehavior [ RunTime:0.000508s ]
INFO: [ app_init ] --END-- [ RunTime:0.008622s ]
INFO: [ app_begin ] --START--
INFO: Run Behavior\ReadHtmlCacheBehavior [ RunTime:0.003206s ]
INFO: [ app_begin ] --END-- [ RunTime:0.005415s ]
ERR: 非法操作:Js
NOTIC: [2] Cannot modify header information - headers already sent by (output started at C:\Myeven\Apache24\htdocs\jxshop\ThinkPHP\Common\functions.php:102) C:\Myeven\Apache24\htdocs\jxshop\ThinkPHP\Library\Think\Think.class.php 第 229 行.
NOTIC: [2] Cannot modify header information - headers already sent by (output started at C:\Myeven\Apache24\htdocs\jxshop\ThinkPHP\Common\functions.php:102) C:\Myeven\Apache24\htdocs\jxshop\ThinkPHP\Library\Think\Think.class.php 第 230 行.

[ 2020-01-29T16:54:14+08:00 ] 127.0.0.1 /favicon.ico
INFO: [ app_init ] --START--
INFO: Run Behavior\BuildLiteBehavior [ RunTime:0.000342s ]
INFO: [ app_init ] --END-- [ RunTime:0.003923s ]

[ 2020-01-29T17:23:57+08:00 ] 127.0.0.1 /favicon.ico
INFO: [ app_init ] --START--
INFO: Run Behavior\BuildLiteBehavior [ RunTime:0.001654s ]
INFO: [ app_init ] --END-- [ RunTime:0.007116s ]

[ 2020-01-29T20:13:50+08:00 ] 127.0.0.1 /favicon.ico
INFO: [ app_init ] --START--
INFO: Run Behavior\BuildLiteBehavior [ RunTime:0.000490s ]
INFO: [ app_init ] --END-- [ RunTime:0.003731s ]

[ 2020-01-29T20:14:00+08:00 ] 127.0.0.1 /admin/category/add
INFO: [ app_init ] --START--
INFO: Run Behavior\BuildLiteBehavior [ RunTime:0.000806s ]
INFO: [ app_init ] --END-- [ RunTime:0.004592s ]
INFO: [ app_begin ] --START--
INFO: Run Behavior\ReadHtmlCacheBehavior [ RunTime:0.003617s ]
INFO: [ app_begin ] --END-- [ RunTime:0.005316s ]
ERR: Class 'Admin\Controller\CommonController' not found
NOTIC: [2] Cannot modify header information - headers already sent by (output started at C:\Myeven\Apache24\htdocs\jxshop\Application\Admin\Controller\CategoryController.class.php:4) C:\Myeven\Apache24\htdocs\jxshop\ThinkPHP\Library\Think\Think.class.php 第 229 行.
NOTIC: [2] Cannot modify header information - headers already sent by (output started at C:\Myeven\Apache24\htdocs\jxshop\Application\Admin\Controller\CategoryController.class.php:4) C:\Myeven\Apache24\htdocs\jxshop\ThinkPHP\Library\Think\Think.class.php 第 230 行.

[ 2020-01-29T20:14:56+08:00 ] 127.0.0.1 /admin/category/add
INFO: [ app_init ] --START--
INFO: Run Behavior\BuildLiteBehavior [ RunTime:0.000327s ]
INFO: [ app_init ] --END-- [ RunTime:0.002264s ]
INFO: [ app_begin ] --START--
INFO: Run Behavior\ReadHtmlCacheBehavior [ RunTime:0.002967s ]
INFO: [ app_begin ] --END-- [ RunTime:0.005228s ]
INFO: [ view_parse ] --START--
INFO: [ template_filter ] --START--
INFO: Run Behavior\ContentReplaceBehavior [ RunTime:0.002717s ]
INFO: [ template_filter ] --END-- [ RunTime:0.004407s ]
INFO: Run Behavior\ParseTemplateBehavior [ RunTime:0.050217s ]
INFO: [ view_parse ] --END-- [ RunTime:0.052478s ]
INFO: [ view_filter ] --START--
INFO: Run Behavior\WriteHtmlCacheBehavior [ RunTime:0.003565s ]
INFO: [ view_filter ] --END-- [ RunTime:0.005216s ]
INFO: [ app_end ] --START--
INFO: Run Behavior\ShowPageTraceBehavior [ RunTime:0.004425s ]
INFO: [ app_end ] --END-- [ RunTime:0.006636s ]

[ 2020-01-29T21:12:04+08:00 ] 127.0.0.1 /admin/category/add
INFO: [ app_init ] --START--
INFO: Run Behavior\BuildLiteBehavior [ RunTime:0.000395s ]
INFO: [ app_init ] --END-- [ RunTime:0.003747s ]
INFO: [ app_begin ] --START--
INFO: Run Behavior\ReadHtmlCacheBehavior [ RunTime:0.002307s ]
INFO: [ app_begin ] --END-- [ RunTime:0.003539s ]
ERR: syntax error, unexpected ';', expecting ')'
NOTIC: [2] Cannot modify header information - headers already sent by (output started at C:\Myeven\Apache24\htdocs\jxshop\Application\Admin\Model\CategoryModel.class.php:10) C:\Myeven\Apache24\htdocs\jxshop\ThinkPHP\Library\Think\Think.class.php 第 229 行.
NOTIC: [2] Cannot modify header information - headers already sent by (output started at C:\Myeven\Apache24\htdocs\jxshop\Application\Admin\Model\CategoryModel.class.php:10) C:\Myeven\Apache24\htdocs\jxshop\ThinkPHP\Library\Think\Think.class.php 第 230 行.

[ 2020-01-29T21:12:29+08:00 ] 127.0.0.1 /admin/category/add
INFO: [ app_init ] --START--
INFO: Run Behavior\BuildLiteBehavior [ RunTime:0.000313s ]
INFO: [ app_init ] --END-- [ RunTime:0.002340s ]
INFO: [ app_begin ] --START--
INFO: Run Behavior\ReadHtmlCacheBehavior [ RunTime:0.003132s ]
INFO: [ app_begin ] --END-- [ RunTime:0.005006s ]
ERR: SQLSTATE[HY000] [2002] Ŀܾ޷ӡ

NOTIC: [2] Cannot modify header information - headers already sent by (output started at C:\Myeven\Apache24\htdocs\jxshop\ThinkPHP\Library\Think\Db\Driver.class.php:103) C:\Myeven\Apache24\htdocs\jxshop\ThinkPHP\Library\Think\Think.class.php 第 229 行.
NOTIC: [2] Cannot modify header information - headers already sent by (output started at C:\Myeven\Apache24\htdocs\jxshop\ThinkPHP\Library\Think\Db\Driver.class.php:103) C:\Myeven\Apache24\htdocs\jxshop\ThinkPHP\Library\Think\Think.class.php 第 230 行.

[ 2020-01-29T21:12:30+08:00 ] 127.0.0.1 /admin/category/add
INFO: [ app_init ] --START--
INFO: Run Behavior\BuildLiteBehavior [ RunTime:0.000347s ]
INFO: [ app_init ] --END-- [ RunTime:0.002523s ]
INFO: [ app_begin ] --START--
INFO: Run Behavior\ReadHtmlCacheBehavior [ RunTime:0.002403s ]
INFO: [ app_begin ] --END-- [ RunTime:0.004048s ]
ERR: SQLSTATE[HY000] [2002] Ŀܾ޷ӡ

NOTIC: [2] Cannot modify header information - headers already sent by (output started at C:\Myeven\Apache24\htdocs\jxshop\ThinkPHP\Library\Think\Db\Driver.class.php:103) C:\Myeven\Apache24\htdocs\jxshop\ThinkPHP\Library\Think\Think.class.php 第 229 行.
NOTIC: [2] Cannot modify header information - headers already sent by (output started at C:\Myeven\Apache24\htdocs\jxshop\ThinkPHP\Library\Think\Db\Driver.class.php:103) C:\Myeven\Apache24\htdocs\jxshop\ThinkPHP\Library\Think\Think.class.php 第 230 行.

[ 2020-01-29T21:57:16+08:00 ] 127.0.0.1 /admin/category/add
INFO: [ app_init ] --START--
INFO: Run Behavior\BuildLiteBehavior [ RunTime:0.000513s ]
INFO: [ app_init ] --END-- [ RunTime:0.003817s ]
INFO: [ app_begin ] --START--
INFO: Run Behavior\ReadHtmlCacheBehavior [ RunTime:0.003153s ]
INFO: [ app_begin ] --END-- [ RunTime:0.004659s ]
ERR: SQLSTATE[HY000] [2002] Ŀܾ޷ӡ

NOTIC: [2] Cannot modify header information - headers already sent by (output started at C:\Myeven\Apache24\htdocs\jxshop\ThinkPHP\Library\Think\Db\Driver.class.php:103) C:\Myeven\Apache24\htdocs\jxshop\ThinkPHP\Library\Think\Think.class.php 第 229 行.
NOTIC: [2] Cannot modify header information - headers already sent by (output started at C:\Myeven\Apache24\htdocs\jxshop\ThinkPHP\Library\Think\Db\Driver.class.php:103) C:\Myeven\Apache24\htdocs\jxshop\ThinkPHP\Library\Think\Think.class.php 第 230 行.

[ 2020-01-29T21:57:18+08:00 ] 127.0.0.1 /admin/category/add
INFO: [ app_init ] --START--
INFO: Run Behavior\BuildLiteBehavior [ RunTime:0.000611s ]
INFO: [ app_init ] --END-- [ RunTime:0.003034s ]
INFO: [ app_begin ] --START--
INFO: Run Behavior\ReadHtmlCacheBehavior [ RunTime:0.003224s ]
INFO: [ app_begin ] --END-- [ RunTime:0.006105s ]
ERR: SQLSTATE[HY000] [2002] Ŀܾ޷ӡ

NOTIC: [2] Cannot modify header information - headers already sent by (output started at C:\Myeven\Apache24\htdocs\jxshop\ThinkPHP\Library\Think\Db\Driver.class.php:103) C:\Myeven\Apache24\htdocs\jxshop\ThinkPHP\Library\Think\Think.class.php 第 229 行.
NOTIC: [2] Cannot modify header information - headers already sent by (output started at C:\Myeven\Apache24\htdocs\jxshop\ThinkPHP\Library\Think\Db\Driver.class.php:103) C:\Myeven\Apache24\htdocs\jxshop\ThinkPHP\Library\Think\Think.class.php 第 230 行.

[ 2020-01-29T21:57:37+08:00 ] 127.0.0.1 /admin/category/add
INFO: [ app_init ] --START--
INFO: Run Behavior\BuildLiteBehavior [ RunTime:0.000553s ]
INFO: [ app_init ] --END-- [ RunTime:0.003357s ]
INFO: [ app_begin ] --START--
INFO: Run Behavior\ReadHtmlCacheBehavior [ RunTime:0.003630s ]
INFO: [ app_begin ] --END-- [ RunTime:0.006551s ]
ERR: SQLSTATE[HY000] [2002] Ŀܾ޷ӡ

NOTIC: [2] Cannot modify header information - headers already sent by (output started at C:\Myeven\Apache24\htdocs\jxshop\ThinkPHP\Library\Think\Db\Driver.class.php:103) C:\Myeven\Apache24\htdocs\jxshop\ThinkPHP\Library\Think\Think.class.php 第 229 行.
NOTIC: [2] Cannot modify header information - headers already sent by (output started at C:\Myeven\Apache24\htdocs\jxshop\ThinkPHP\Library\Think\Db\Driver.class.php:103) C:\Myeven\Apache24\htdocs\jxshop\ThinkPHP\Library\Think\Think.class.php 第 230 行.

[ 2020-01-29T21:59:46+08:00 ] 127.0.0.1 /admin/category/add
INFO: [ app_init ] --START--
INFO: Run Behavior\BuildLiteBehavior [ RunTime:0.000336s ]
INFO: [ app_init ] --END-- [ RunTime:0.002537s ]
INFO: [ app_begin ] --START--
INFO: Run Behavior\ReadHtmlCacheBehavior [ RunTime:0.002801s ]
INFO: [ app_begin ] --END-- [ RunTime:0.005043s ]

[ 2020-01-29T22:01:17+08:00 ] 127.0.0.1 /admin/category/add
INFO: [ app_init ] --START--
INFO: Run Behavior\BuildLiteBehavior [ RunTime:0.000347s ]
INFO: [ app_init ] --END-- [ RunTime:0.002416s ]
INFO: [ app_begin ] --START--
INFO: Run Behavior\ReadHtmlCacheBehavior [ RunTime:0.003492s ]
INFO: [ app_begin ] --END-- [ RunTime:0.005512s ]

[ 2020-01-29T22:01:18+08:00 ] 127.0.0.1 /admin/category/add
INFO: [ app_init ] --START--
INFO: Run Behavior\BuildLiteBehavior [ RunTime:0.000465s ]
INFO: [ app_init ] --END-- [ RunTime:0.005743s ]
INFO: [ app_begin ] --START--
INFO: Run Behavior\ReadHtmlCacheBehavior [ RunTime:0.004051s ]
INFO: [ app_begin ] --END-- [ RunTime:0.006450s ]
ERR: SQLSTATE[HY000] [2002] Ŀܾ޷ӡ

NOTIC: [2] Cannot modify header information - headers already sent by (output started at C:\Myeven\Apache24\htdocs\jxshop\ThinkPHP\Library\Think\Db\Driver.class.php:103) C:\Myeven\Apache24\htdocs\jxshop\ThinkPHP\Library\Think\Think.class.php 第 229 行.
NOTIC: [2] Cannot modify header information - headers already sent by (output started at C:\Myeven\Apache24\htdocs\jxshop\ThinkPHP\Library\Think\Db\Driver.class.php:103) C:\Myeven\Apache24\htdocs\jxshop\ThinkPHP\Library\Think\Think.class.php 第 230 行.

[ 2020-01-29T22:01:22+08:00 ] 127.0.0.1 /admin/category/add
INFO: [ app_init ] --START--
INFO: Run Behavior\BuildLiteBehavior [ RunTime:0.000336s ]
INFO: [ app_init ] --END-- [ RunTime:0.002585s ]
INFO: [ app_begin ] --START--
INFO: Run Behavior\ReadHtmlCacheBehavior [ RunTime:0.002996s ]
INFO: [ app_begin ] --END-- [ RunTime:0.005695s ]
ERR: SQLSTATE[HY000] [2002] Ŀܾ޷ӡ

NOTIC: [2] Cannot modify header information - headers already sent by (output started at C:\Myeven\Apache24\htdocs\jxshop\ThinkPHP\Library\Think\Db\Driver.class.php:103) C:\Myeven\Apache24\htdocs\jxshop\ThinkPHP\Library\Think\Think.class.php 第 229 行.
NOTIC: [2] Cannot modify header information - headers already sent by (output started at C:\Myeven\Apache24\htdocs\jxshop\ThinkPHP\Library\Think\Db\Driver.class.php:103) C:\Myeven\Apache24\htdocs\jxshop\ThinkPHP\Library\Think\Think.class.php 第 230 行.

[ 2020-01-29T22:01:24+08:00 ] 127.0.0.1 /admin/category/add
INFO: [ app_init ] --START--
INFO: Run Behavior\BuildLiteBehavior [ RunTime:0.000474s ]
INFO: [ app_init ] --END-- [ RunTime:0.003616s ]
INFO: [ app_begin ] --START--
INFO: Run Behavior\ReadHtmlCacheBehavior [ RunTime:0.002392s ]
INFO: [ app_begin ] --END-- [ RunTime:0.003708s ]
ERR: SQLSTATE[HY000] [2002] Ŀܾ޷ӡ

NOTIC: [2] Cannot modify header information - headers already sent by (output started at C:\Myeven\Apache24\htdocs\jxshop\ThinkPHP\Library\Think\Db\Driver.class.php:103) C:\Myeven\Apache24\htdocs\jxshop\ThinkPHP\Library\Think\Think.class.php 第 229 行.
NOTIC: [2] Cannot modify header information - headers already sent by (output started at C:\Myeven\Apache24\htdocs\jxshop\ThinkPHP\Library\Think\Db\Driver.class.php:103) C:\Myeven\Apache24\htdocs\jxshop\ThinkPHP\Library\Think\Think.class.php 第 230 行.

[ 2020-01-29T22:01:43+08:00 ] 127.0.0.1 /admin/category/add
INFO: [ app_init ] --START--
INFO: Run Behavior\BuildLiteBehavior [ RunTime:0.000376s ]
INFO: [ app_init ] --END-- [ RunTime:0.002875s ]
INFO: [ app_begin ] --START--
INFO: Run Behavior\ReadHtmlCacheBehavior [ RunTime:0.001813s ]
INFO: [ app_begin ] --END-- [ RunTime:0.003008s ]
ERR: SQLSTATE[HY000] [2002] Ŀܾ޷ӡ

NOTIC: [2] Cannot modify header information - headers already sent by (output started at C:\Myeven\Apache24\htdocs\jxshop\ThinkPHP\Library\Think\Db\Driver.class.php:103) C:\Myeven\Apache24\htdocs\jxshop\ThinkPHP\Library\Think\Think.class.php 第 229 行.
NOTIC: [2] Cannot modify header information - headers already sent by (output started at C:\Myeven\Apache24\htdocs\jxshop\ThinkPHP\Library\Think\Db\Driver.class.php:103) C:\Myeven\Apache24\htdocs\jxshop\ThinkPHP\Library\Think\Think.class.php 第 230 行.

[ 2020-01-29T22:05:50+08:00 ] 127.0.0.1 /admin/category/add
INFO: [ app_init ] --START--
INFO: Run Behavior\BuildLiteBehavior [ RunTime:0.000828s ]
INFO: [ app_init ] --END-- [ RunTime:0.006068s ]
INFO: [ app_begin ] --START--
INFO: Run Behavior\ReadHtmlCacheBehavior [ RunTime:0.003911s ]
INFO: [ app_begin ] --END-- [ RunTime:0.005449s ]
ERR: SQLSTATE[HY000] [2002] Ŀܾ޷ӡ

NOTIC: [2] Cannot modify header information - headers already sent by (output started at C:\Myeven\Apache24\htdocs\jxshop\ThinkPHP\Library\Think\Db\Driver.class.php:103) C:\Myeven\Apache24\htdocs\jxshop\ThinkPHP\Library\Think\Think.class.php 第 229 行.
NOTIC: [2] Cannot modify header information - headers already sent by (output started at C:\Myeven\Apache24\htdocs\jxshop\ThinkPHP\Library\Think\Db\Driver.class.php:103) C:\Myeven\Apache24\htdocs\jxshop\ThinkPHP\Library\Think\Think.class.php 第 230 行.

[ 2020-01-29T22:05:53+08:00 ] 127.0.0.1 /admin/category/add
INFO: [ app_init ] --START--
INFO: Run Behavior\BuildLiteBehavior [ RunTime:0.000366s ]
INFO: [ app_init ] --END-- [ RunTime:0.002854s ]
INFO: [ app_begin ] --START--
INFO: Run Behavior\ReadHtmlCacheBehavior [ RunTime:0.002054s ]
INFO: [ app_begin ] --END-- [ RunTime:0.003308s ]
ERR: SQLSTATE[HY000] [2002] Ŀܾ޷ӡ

NOTIC: [2] Cannot modify header information - headers already sent by (output started at C:\Myeven\Apache24\htdocs\jxshop\ThinkPHP\Library\Think\Db\Driver.class.php:103) C:\Myeven\Apache24\htdocs\jxshop\ThinkPHP\Library\Think\Think.class.php 第 229 行.
NOTIC: [2] Cannot modify header information - headers already sent by (output started at C:\Myeven\Apache24\htdocs\jxshop\ThinkPHP\Library\Think\Db\Driver.class.php:103) C:\Myeven\Apache24\htdocs\jxshop\ThinkPHP\Library\Think\Think.class.php 第 230 行.

[ 2020-01-29T22:08:24+08:00 ] 127.0.0.1 /admin/category/add
ERR: SQLSTATE[HY000] [2002] Ŀܾ޷ӡ


[ 2020-01-29T22:15:15+08:00 ] 127.0.0.1 /admin/category/add
ERR: SQLSTATE[HY000] [2002] Ŀܾ޷ӡ


[ 2020-01-29T22:15:44+08:00 ] 127.0.0.1 /admin/category/add
ERR: SQLSTATE[HY000] [2002] Ŀܾ޷ӡ


[ 2020-01-29T22:18:11+08:00 ] 127.0.0.1 /admin/category/testShow
ERR: 非法操作:testShow

[ 2020-01-29T22:31:56+08:00 ] 127.0.0.1 /Admin/Index/Js/transport.js
ERR: 非法操作:Js

[ 2020-01-29T22:31:56+08:00 ] 127.0.0.1 /Admin/Index/Js/global.js
ERR: 非法操作:Js

[ 2020-01-29T22:31:56+08:00 ] 127.0.0.1 /Admin/Index/Js/utils.js
ERR: 非法操作:Js

[ 2020-01-29T22:32:01+08:00 ] 127.0.0.1 /Admin/Index/categoryList.html
ERR: 非法操作:categoryList

[ 2020-01-29T22:34:36+08:00 ] 127.0.0.1 /admin/ctegory/a
ERR: Class 'Admin\Controller\Controller' not found

[ 2020-01-29T22:35:11+08:00 ] 127.0.0.1 /admin/ctegory/a
ERR: Method Admin\Controller\EmptyController::__call() does not exist

[ 2020-01-29T22:36:12+08:00 ] 127.0.0.1 /admin/ctegory/a
ERR: Method Admin\Controller\EmptyController::__call() does not exist

[ 2020-01-29T22:36:37+08:00 ] 127.0.0.1 /admin/ctegory/a
ERR: Method Admin\Controller\EmptyController::__call() does not exist

[ 2020-01-29T22:37:14+08:00 ] 127.0.0.1 /admin/ctegory/12
ERR: Method Admin\Controller\EmptyController::__call() does not exist

[ 2020-01-29T23:08:09+08:00 ] 127.0.0.1 /category/add
ERR: 1146:Table 'jxshop.jx_cateory' doesn't exist
 [ SQL语句 ] : SHOW COLUMNS FROM `jx_cateory`

[ 2020-01-29T23:45:37+08:00 ] 127.0.0.1 /category/add
ERR: XML标签语法错误

[ 2020-01-29T23:48:14+08:00 ] 127.0.0.1 /Admin/Index/Js/global.js
ERR: 非法操作:Js

[ 2020-01-29T23:48:14+08:00 ] 127.0.0.1 /Admin/Index/Js/utils.js
ERR: 非法操作:Js

[ 2020-01-29T23:48:14+08:00 ] 127.0.0.1 /Admin/Index/Js/transport.js
ERR: 非法操作:Js

[ 2020-01-29T23:48:45+08:00 ] 127.0.0.1 /top.html
ERR: 无法加载控制器:Top

[ 2020-01-29T23:48:45+08:00 ] 127.0.0.1 /main.html
ERR: 无法加载控制器:Main

[ 2020-01-29T23:48:45+08:00 ] 127.0.0.1 /menu.html
ERR: 无法加载控制器:Menu

[ 2020-01-29T23:50:06+08:00 ] 127.0.0.1 /top.html
ERR: 无法加载控制器:Top

[ 2020-01-29T23:50:06+08:00 ] 127.0.0.1 /menu.html
ERR: 无法加载控制器:Menu

[ 2020-01-29T23:50:06+08:00 ] 127.0.0.1 /main.html
ERR: 无法加载控制器:Main

[ 2020-01-29T23:50:46+08:00 ] 127.0.0.1 /Admin/Index/Js/global.js
ERR: 非法操作:Js

[ 2020-01-29T23:50:46+08:00 ] 127.0.0.1 /Admin/Index/Js/transport.js
ERR: 非法操作:Js

[ 2020-01-29T23:50:46+08:00 ] 127.0.0.1 /Admin/Index/Js/utils.js
ERR: 非法操作:Js

[ 2020-01-29T23:52:56+08:00 ] 127.0.0.1 /top.html
ERR: 无法加载控制器:Top

[ 2020-01-29T23:52:56+08:00 ] 127.0.0.1 /main.html
ERR: 无法加载控制器:Main

[ 2020-01-29T23:52:56+08:00 ] 127.0.0.1 /menu.html
ERR: 无法加载控制器:Menu

