[ 2020-02-09T14:09:39+08:00 ] 127.0.0.1 /Admin/Index/Js/utils.js
ERR: 非法操作:Js

[ 2020-02-09T14:09:39+08:00 ] 127.0.0.1 /Admin/Index/Js/global.js
ERR: 非法操作:Js

[ 2020-02-09T14:09:39+08:00 ] 127.0.0.1 /Admin/Index/Js/transport.js
ERR: 非法操作:Js

[ 2020-02-09T14:14:23+08:00 ] 127.0.0.1 /Admin/Goods/add
ERR: Call to a member function assign() on null

[ 2020-02-09T17:05:10+08:00 ] 127.0.0.1 /Admin/Goods/showAttr.html
INFO: [ app_begin ] --START--
INFO: Run Behavior\ReadHtmlCacheBehavior [ RunTime:0.004609s ]
INFO: [ app_begin ] --END-- [ RunTime:0.009986s ]
SQL: SHOW COLUMNS FROM `jx_admin_role` [ RunTime:0.0059s ]
SQL: SELECT `role_id` FROM `jx_admin_role` WHERE ( admin_id=11 ) LIMIT 1   [ RunTime:0.0017s ]
SQL: SELECT * FROM `jx_rule`  [ RunTime:0.0018s ]
SQL: SELECT * FROM `jx_attribute` WHERE ( type_id=2 )  [ RunTime:0.0139s ]
INFO: [ view_parse ] --START--
INFO: [ template_filter ] --START--
INFO: Run Behavior\ContentReplaceBehavior [ RunTime:0.001280s ]
INFO: [ template_filter ] --END-- [ RunTime:0.002906s ]
INFO: Run Behavior\ParseTemplateBehavior [ RunTime:0.102984s ]
INFO: [ view_parse ] --END-- [ RunTime:0.105180s ]
INFO: [ view_filter ] --START--
INFO: Run Behavior\WriteHtmlCacheBehavior [ RunTime:0.002656s ]
INFO: [ view_filter ] --END-- [ RunTime:0.004203s ]
INFO: [ app_end ] --START--
INFO: Run Behavior\ShowPageTraceBehavior [ RunTime:0.003930s ]
INFO: [ app_end ] --END-- [ RunTime:0.005475s ]

