[ 2020-02-17T14:06:19+08:00 ] 127.0.0.1 /Admin/Index/Js/global.js
ERR: 非法操作:Js

[ 2020-02-17T14:06:20+08:00 ] 127.0.0.1 /Admin/Index/Js/utils.js
ERR: 非法操作:Js

[ 2020-02-17T14:06:20+08:00 ] 127.0.0.1 /Admin/Index/Js/transport.js
ERR: 非法操作:Js

[ 2020-02-17T14:29:29+08:00 ] 127.0.0.1 /Admin/Index/Js/global.js
ERR: 非法操作:Js

[ 2020-02-17T14:29:29+08:00 ] 127.0.0.1 /Admin/Index/Js/utils.js
ERR: 非法操作:Js

[ 2020-02-17T14:29:29+08:00 ] 127.0.0.1 /Admin/Index/Js/transport.js
ERR: 非法操作:Js

[ 2020-02-17T14:48:51+08:00 ] 127.0.0.1 /Admin/Goods/showAttr.html
INFO: [ app_begin ] --START--
INFO: Run Behavior\ReadHtmlCacheBehavior [ RunTime:0.002573s ]
INFO: [ app_begin ] --END-- [ RunTime:0.005393s ]
SQL: SHOW COLUMNS FROM `jx_admin_role` [ RunTime:0.0023s ]
SQL: SELECT `role_id` FROM `jx_admin_role` WHERE ( admin_id=2 ) LIMIT 1   [ RunTime:0.0008s ]
SQL: SELECT * FROM `jx_rule`  [ RunTime:0.0010s ]
SQL: SELECT * FROM `jx_attribute` WHERE ( type_id=3 )  [ RunTime:0.0033s ]
INFO: [ view_parse ] --START--
INFO: [ template_filter ] --START--
INFO: Run Behavior\ContentReplaceBehavior [ RunTime:0.001671s ]
INFO: [ template_filter ] --END-- [ RunTime:0.004025s ]
INFO: Run Behavior\ParseTemplateBehavior [ RunTime:0.078197s ]
INFO: [ view_parse ] --END-- [ RunTime:0.079687s ]
INFO: [ view_filter ] --START--
INFO: Run Behavior\WriteHtmlCacheBehavior [ RunTime:0.002478s ]
INFO: [ view_filter ] --END-- [ RunTime:0.003859s ]
INFO: [ app_end ] --START--
INFO: Run Behavior\ShowPageTraceBehavior [ RunTime:0.003424s ]
INFO: [ app_end ] --END-- [ RunTime:0.006333s ]

[ 2020-02-17T14:49:10+08:00 ] 127.0.0.1 /Admin/Goods/add
ERR: 1054:Unknown column 'promotion_price' in 'field list'
 [ SQL语句 ] : INSERT INTO `jx_goods` (`goods_name`,`goods_sn`,`promotion_price`,`start`,`end`,`cate_id`,`shop_price`,`is_sale`,`is_hot`,`market_price`,`type_id`,`goods_body`,`addtime`,`goods_img`,`goods_thumb`) VALUES ('商品1','JX5e4a37668936f','0','0','0','3','0.9','1','1','12','3','&lt;p&gt;1&lt;/p&gt;','1581922150','Uploads/2020-02-17/5e4a37668dfca.jpg','Uploads/2020-02-17/thumb_5e4a37668dfca.jpg')

[ 2020-02-17T14:52:54+08:00 ] 127.0.0.1 /Admin/Goods/edit/id/58.html
ERR: Call to undefined function data()

[ 2020-02-17T14:56:20+08:00 ] 127.0.0.1 /Admin/Goods/showAttr.html
INFO: [ app_begin ] --START--
INFO: Run Behavior\ReadHtmlCacheBehavior [ RunTime:0.006779s ]
INFO: [ app_begin ] --END-- [ RunTime:0.014280s ]
SQL: SHOW COLUMNS FROM `jx_admin_role` [ RunTime:0.0037s ]
SQL: SELECT `role_id` FROM `jx_admin_role` WHERE ( admin_id=2 ) LIMIT 1   [ RunTime:0.0019s ]
SQL: SELECT * FROM `jx_rule`  [ RunTime:0.0019s ]
SQL: SELECT * FROM `jx_attribute` WHERE ( type_id=4 )  [ RunTime:0.0021s ]
INFO: [ view_parse ] --START--
INFO: [ template_filter ] --START--
INFO: Run Behavior\ContentReplaceBehavior [ RunTime:0.001502s ]
INFO: [ template_filter ] --END-- [ RunTime:0.004495s ]
INFO: Run Behavior\ParseTemplateBehavior [ RunTime:0.127598s ]
INFO: [ view_parse ] --END-- [ RunTime:0.130440s ]
INFO: [ view_filter ] --START--
INFO: Run Behavior\WriteHtmlCacheBehavior [ RunTime:0.003350s ]
INFO: [ view_filter ] --END-- [ RunTime:0.005189s ]
INFO: [ app_end ] --START--
INFO: Run Behavior\ShowPageTraceBehavior [ RunTime:0.006507s ]
INFO: [ app_end ] --END-- [ RunTime:0.008046s ]

[ 2020-02-17T14:56:23+08:00 ] 127.0.0.1 /Admin/Goods/showAttr.html
INFO: [ app_begin ] --START--
INFO: Run Behavior\ReadHtmlCacheBehavior [ RunTime:0.006210s ]
INFO: [ app_begin ] --END-- [ RunTime:0.013328s ]
SQL: SHOW COLUMNS FROM `jx_admin_role` [ RunTime:0.0036s ]
SQL: SELECT `role_id` FROM `jx_admin_role` WHERE ( admin_id=2 ) LIMIT 1   [ RunTime:0.0014s ]
SQL: SELECT * FROM `jx_rule`  [ RunTime:0.0020s ]
SQL: SELECT * FROM `jx_attribute` WHERE ( type_id=3 )  [ RunTime:0.0025s ]
INFO: [ view_parse ] --START--
INFO: [ template_filter ] --START--
INFO: Run Behavior\ContentReplaceBehavior [ RunTime:0.002283s ]
INFO: [ template_filter ] --END-- [ RunTime:0.006737s ]
INFO: Run Behavior\ParseTemplateBehavior [ RunTime:0.159767s ]
INFO: [ view_parse ] --END-- [ RunTime:0.162191s ]
INFO: [ view_filter ] --START--
INFO: Run Behavior\WriteHtmlCacheBehavior [ RunTime:0.002641s ]
INFO: [ view_filter ] --END-- [ RunTime:0.004189s ]
INFO: [ app_end ] --START--
INFO: Run Behavior\ShowPageTraceBehavior [ RunTime:0.003026s ]
INFO: [ app_end ] --END-- [ RunTime:0.004677s ]

[ 2020-02-17T14:56:26+08:00 ] 127.0.0.1 /Admin/Goods/showAttr.html
INFO: [ app_begin ] --START--
INFO: Run Behavior\ReadHtmlCacheBehavior [ RunTime:0.004279s ]
INFO: [ app_begin ] --END-- [ RunTime:0.008896s ]
SQL: SHOW COLUMNS FROM `jx_admin_role` [ RunTime:0.0036s ]
SQL: SELECT `role_id` FROM `jx_admin_role` WHERE ( admin_id=2 ) LIMIT 1   [ RunTime:0.0014s ]
SQL: SELECT * FROM `jx_rule`  [ RunTime:0.0017s ]
SQL: SELECT * FROM `jx_attribute` WHERE ( type_id=4 )  [ RunTime:0.0021s ]
INFO: [ view_parse ] --START--
INFO: [ template_filter ] --START--
INFO: Run Behavior\ContentReplaceBehavior [ RunTime:0.004206s ]
INFO: [ template_filter ] --END-- [ RunTime:0.009214s ]
INFO: Run Behavior\ParseTemplateBehavior [ RunTime:0.178512s ]
INFO: [ view_parse ] --END-- [ RunTime:0.181491s ]
INFO: [ view_filter ] --START--
INFO: Run Behavior\WriteHtmlCacheBehavior [ RunTime:0.006939s ]
INFO: [ view_filter ] --END-- [ RunTime:0.011314s ]
INFO: [ app_end ] --START--
INFO: Run Behavior\ShowPageTraceBehavior [ RunTime:0.006463s ]
INFO: [ app_end ] --END-- [ RunTime:0.011324s ]

[ 2020-02-17T14:56:28+08:00 ] 127.0.0.1 /Admin/Goods/showAttr.html
INFO: [ app_begin ] --START--
INFO: Run Behavior\ReadHtmlCacheBehavior [ RunTime:0.008852s ]
INFO: [ app_begin ] --END-- [ RunTime:0.019846s ]
SQL: SHOW COLUMNS FROM `jx_admin_role` [ RunTime:0.0037s ]
SQL: SELECT `role_id` FROM `jx_admin_role` WHERE ( admin_id=2 ) LIMIT 1   [ RunTime:0.0010s ]
SQL: SELECT * FROM `jx_rule`  [ RunTime:0.0013s ]
SQL: SELECT * FROM `jx_attribute` WHERE ( type_id=2 )  [ RunTime:0.0011s ]
INFO: [ view_parse ] --START--
INFO: [ template_filter ] --START--
INFO: Run Behavior\ContentReplaceBehavior [ RunTime:0.001742s ]
INFO: [ template_filter ] --END-- [ RunTime:0.004278s ]
INFO: Run Behavior\ParseTemplateBehavior [ RunTime:0.083741s ]
INFO: [ view_parse ] --END-- [ RunTime:0.085766s ]
INFO: [ view_filter ] --START--
INFO: Run Behavior\WriteHtmlCacheBehavior [ RunTime:0.002756s ]
INFO: [ view_filter ] --END-- [ RunTime:0.004237s ]
INFO: [ app_end ] --START--
INFO: Run Behavior\ShowPageTraceBehavior [ RunTime:0.003074s ]
INFO: [ app_end ] --END-- [ RunTime:0.004673s ]

[ 2020-02-17T15:07:30+08:00 ] 127.0.0.1 /Admin/Index/Js/global.js
ERR: 非法操作:Js

[ 2020-02-17T15:07:30+08:00 ] 127.0.0.1 /Admin/Index/Js/utils.js
ERR: 非法操作:Js

[ 2020-02-17T15:07:30+08:00 ] 127.0.0.1 /Admin/Index/Js/transport.js
ERR: 非法操作:Js

