[ 2020-02-11T13:05:09+08:00 ] 127.0.0.1 /Admin/Index/Js/utils.js
ERR: 非法操作:Js

[ 2020-02-11T13:05:09+08:00 ] 127.0.0.1 /Admin/Index/Js/global.js
ERR: 非法操作:Js

[ 2020-02-11T13:05:10+08:00 ] 127.0.0.1 /Admin/Index/Js/transport.js
ERR: 非法操作:Js

[ 2020-02-11T13:35:37+08:00 ] 127.0.0.1 /Admin/Goods/showAttr.html
INFO: [ app_begin ] --START--
INFO: Run Behavior\ReadHtmlCacheBehavior [ RunTime:0.005131s ]
INFO: [ app_begin ] --END-- [ RunTime:0.012162s ]
SQL: SHOW COLUMNS FROM `jx_admin_role` [ RunTime:0.0042s ]
SQL: SELECT `role_id` FROM `jx_admin_role` WHERE ( admin_id=11 ) LIMIT 1   [ RunTime:0.0014s ]
SQL: SELECT * FROM `jx_rule`  [ RunTime:0.0014s ]
SQL: SELECT * FROM `jx_attribute` WHERE ( type_id=4 )  [ RunTime:0.0073s ]
INFO: [ view_parse ] --START--
INFO: [ template_filter ] --START--
INFO: Run Behavior\ContentReplaceBehavior [ RunTime:0.001328s ]
INFO: [ template_filter ] --END-- [ RunTime:0.003570s ]
INFO: Run Behavior\ParseTemplateBehavior [ RunTime:0.104802s ]
INFO: [ view_parse ] --END-- [ RunTime:0.106463s ]
INFO: [ view_filter ] --START--
INFO: Run Behavior\WriteHtmlCacheBehavior [ RunTime:0.004292s ]
INFO: [ view_filter ] --END-- [ RunTime:0.006274s ]
INFO: [ app_end ] --START--
INFO: Run Behavior\ShowPageTraceBehavior [ RunTime:0.004952s ]
INFO: [ app_end ] --END-- [ RunTime:0.007463s ]

[ 2020-02-11T13:43:54+08:00 ] 127.0.0.1 /Admin/Goods/showAttr.html
INFO: [ app_begin ] --START--
INFO: Run Behavior\ReadHtmlCacheBehavior [ RunTime:0.004861s ]
INFO: [ app_begin ] --END-- [ RunTime:0.009739s ]
SQL: SHOW COLUMNS FROM `jx_admin_role` [ RunTime:0.0057s ]
SQL: SELECT `role_id` FROM `jx_admin_role` WHERE ( admin_id=11 ) LIMIT 1   [ RunTime:0.0014s ]
SQL: SELECT * FROM `jx_rule`  [ RunTime:0.0016s ]
SQL: SELECT * FROM `jx_attribute` WHERE ( type_id=2 )  [ RunTime:0.0038s ]
INFO: [ view_parse ] --START--
INFO: [ template_filter ] --START--
INFO: Run Behavior\ContentReplaceBehavior [ RunTime:0.001942s ]
INFO: [ template_filter ] --END-- [ RunTime:0.004115s ]
INFO: Run Behavior\ParseTemplateBehavior [ RunTime:0.117971s ]
INFO: [ view_parse ] --END-- [ RunTime:0.120987s ]
INFO: [ view_filter ] --START--
INFO: Run Behavior\WriteHtmlCacheBehavior [ RunTime:0.005236s ]
INFO: [ view_filter ] --END-- [ RunTime:0.008940s ]
INFO: [ app_end ] --START--
INFO: Run Behavior\ShowPageTraceBehavior [ RunTime:0.005110s ]
INFO: [ app_end ] --END-- [ RunTime:0.007319s ]

[ 2020-02-11T13:43:56+08:00 ] 127.0.0.1 /Admin/Goods/showAttr.html
INFO: [ app_begin ] --START--
INFO: Run Behavior\ReadHtmlCacheBehavior [ RunTime:0.004019s ]
INFO: [ app_begin ] --END-- [ RunTime:0.008469s ]
SQL: SHOW COLUMNS FROM `jx_admin_role` [ RunTime:0.0036s ]
SQL: SELECT `role_id` FROM `jx_admin_role` WHERE ( admin_id=11 ) LIMIT 1   [ RunTime:0.0014s ]
SQL: SELECT * FROM `jx_rule`  [ RunTime:0.0014s ]
SQL: SELECT * FROM `jx_attribute` WHERE ( type_id=3 )  [ RunTime:0.0026s ]
INFO: [ view_parse ] --START--
INFO: [ template_filter ] --START--
INFO: Run Behavior\ContentReplaceBehavior [ RunTime:0.001709s ]
INFO: [ template_filter ] --END-- [ RunTime:0.003927s ]
INFO: Run Behavior\ParseTemplateBehavior [ RunTime:0.122271s ]
INFO: [ view_parse ] --END-- [ RunTime:0.125730s ]
INFO: [ view_filter ] --START--
INFO: Run Behavior\WriteHtmlCacheBehavior [ RunTime:0.006683s ]
INFO: [ view_filter ] --END-- [ RunTime:0.010003s ]
INFO: [ app_end ] --START--
INFO: Run Behavior\ShowPageTraceBehavior [ RunTime:0.005160s ]
INFO: [ app_end ] --END-- [ RunTime:0.007365s ]

[ 2020-02-11T13:46:48+08:00 ] 127.0.0.1 /Admin/Goods/add
ERR: 不存在的图像文件

[ 2020-02-11T14:07:51+08:00 ] 127.0.0.1 /Admin/trash/index
ERR: 无法加载控制器:Trash

[ 2020-02-11T14:26:19+08:00 ] 127.0.0.1 /Admin/Goods/edit/id/31.html
ERR: 不存在的图像文件

